#
# A fatal error has been detected by the Java Runtime Environment:
#
#  SIGSEGV (0xb) at pc=0x000000010ba87710, pid=16494, tid=0x0000000000000307
#
# JRE version: Java(TM) SE Runtime Environment (8.0_121-b13) (build 1.8.0_121-b13)
# Java VM: Java HotSpot(TM) 64-Bit Server VM (25.121-b13 mixed mode bsd-amd64 compressed oops)
# Problematic frame:
# V  [libjvm.dylib+0x487710]  SR_handler(int, __siginfo*, __darwin_ucontext*)+0x2e
#
# Failed to write core dump. Core dumps have been disabled. To enable core dumping, try "ulimit -c unlimited" before starting Java again
#
# If you would like to submit a bug report, please visit:
#   http://bugreport.java.com/bugreport/crash.jsp
#

---------------  T H R E A D  ---------------

Current thread is native thread

siginfo: si_signo: 11 (SIGSEGV), si_code: 1 (SEGV_MAPERR), si_addr: 0x0000000000000128

Registers:
RAX=0x0000000000000000, RBX=0x00007ffee5033ed0, RCX=0x0000000114d54e6c, RDX=0x00007ffee5033ed0
RSP=0x00007ffee5033a00, RBP=0x00007ffee5033a30, RSI=0x00007ffee5033e68, RDI=0x000000000000010c
R8 =0x00007ffee5033ed0, R9 =0x10a565639bcf62bd, R10=0x0000000000000c00, R11=0x0000000000000206
R12=0x10a565639bcf62bd, R13=0x0000000000000c00, R14=0x00007ffee5033e68, R15=0x0000000000000002
RIP=0x000000010ba87710, EFLAGS=0x0000000000010206, ERR=0x0000000000000004
  TRAPNO=0x000000000000000e

Top of Stack: (sp=0x00007ffee5033a00)
0x00007ffee5033a00:   00007fffe3c48b34 00007ffee5033ed0
0x00007ffee5033a10:   10a565639bcf62bd 0000000000000c00
0x00007ffee5033a20:   00007ffee5034150 0000000000000000
0x00007ffee5033a30:   00007ffee5033a40 00007fff7094d42d
0x00007ffee5033a40:   00007ffee5033fe0 00007fffe3c39d6c
0x00007ffee5033a50:   000000005e29988f 00007fff3720d000
0x00007ffee5033a60:   0100001f00000085 00007fff91e38040
0x00007ffee5033a70:   0000000010004005 0000000007000806
0x00007ffee5033a80:   00007ffee5033f88 0000000000000000
0x00007ffee5033a90:   00007ffee5034150 0000000007000806
0x00007ffee5033aa0:   00007ffee5033fe0 00007ffee5033f88
0x00007ffee5033ab0:   0000000000000b03 00000000ffffffff
0x00007ffee5033ac0:   0000000000000c00 0000000000000206
0x00007ffee5033ad0:   0000000007000806 0000000000000c00
0x00007ffee5033ae0:   00007ffee5034150 0000000000000000
0x00007ffee5033af0:   00007fff7089525a 0000000000000206
0x00007ffee5033b00:   0000000000000007 0000000000000000
0x00007ffee5033b10:   0000000000000000 0000000000000000
0x00007ffee5033b20:   000000000000037f 0000000000000000
0x00007ffee5033b30:   0000000000000000 0000ffff00001fa1
0x00007ffee5033b40:   0000000000000000 000000000000ffff
0x00007ffee5033b50:   0000000000000100 000000000000ffff
0x00007ffee5033b60:   0000000000000000 0000000000000000
0x00007ffee5033b70:   0000000000000000 0000000000000000
0x00007ffee5033b80:   87bc000000000000 000000000000c00b
0x00007ffee5033b90:   0000000000000000 0000000000000000
0x00007ffee5033ba0:   bb78000000000000 000000000000400b
0x00007ffee5033bb0:   0000000000000000 0000000000000000
0x00007ffee5033bc0:   41c221bd307107ea 0000000000000000
0x00007ffee5033bd0:   3fec41fa76534374 0000000000000000
0x00007ffee5033be0:   4415af1d78b58c40 0000000000000000
0x00007ffee5033bf0:   c3e0000000000000 0000000000000000 

Instructions: (pc=0x000000010ba87710)
0x000000010ba876f0:   83 ec 08 48 89 d3 49 89 f6 e8 84 33 14 00 44 8b
0x000000010ba87700:   38 48 8d 05 d8 ea 3a 00 48 63 38 e8 4e 36 14 00
0x000000010ba87710:   4c 8b a0 28 01 00 00 41 83 7c 24 34 01 0f 85 e2
0x000000010ba87720:   00 00 00 49 89 5c 24 40 4d 89 74 24 38 49 8d 5c 

Register to memory mapping:

RAX=0x0000000000000000 is an unknown value
RBX=0x00007ffee5033ed0 is an unknown value
RCX=0x0000000114d54e6c is an unknown value
RDX=0x00007ffee5033ed0 is an unknown value
RSP=0x00007ffee5033a00 is an unknown value
RBP=0x00007ffee5033a30 is an unknown value
RSI=0x00007ffee5033e68 is an unknown value
RDI=0x000000000000010c is an unknown value
R8 =0x00007ffee5033ed0 is an unknown value
R9 =0x10a565639bcf62bd is an unknown value
R10=0x0000000000000c00 is an unknown value
R11=0x0000000000000206 is an unknown value
R12=0x10a565639bcf62bd is an unknown value
R13=0x0000000000000c00 is an unknown value
R14=0x00007ffee5033e68 is an unknown value
R15=0x0000000000000002 is an unknown value


Stack: [0x00007ffee483a000,0x00007ffee503a000],  sp=0x00007ffee5033a00,  free space=8166k
Native frames: (J=compiled Java code, j=interpreted, Vv=VM code, C=native code)
V  [libjvm.dylib+0x487710]  SR_handler(int, __siginfo*, __darwin_ucontext*)+0x2e
C  [libsystem_platform.dylib+0x442d]  _sigtramp+0x1d
C  0x00007fffe3c39d6c
C  [CoreFoundation+0x84d0b]  __CFRunLoopServiceMachPort+0x142
C  [CoreFoundation+0x838e7]  __CFRunLoopRun+0x69f
C  [CoreFoundation+0x82bd3]  CFRunLoopRunSpecific+0x1f3
C  [java+0x6465]  CreateExecutionEnvironment+0x367
C  [java+0x218c]  JLI_Launch+0x7a0
C  [java+0x84c2]  main+0x65
C  [java+0x19e4]  start+0x34


---------------  P R O C E S S  ---------------

VM state:not at safepoint (normal execution)

VM Mutex/Monitor currently owned by a thread: None

Heap:
 PSYoungGen      total 360448K, used 324450K [0x000000076ab00000, 0x000000078c880000, 0x00000007c0000000)
  eden space 357376K, 89% used [0x000000076ab00000,0x000000077e4f8318,0x0000000780800000)
  from space 3072K, 95% used [0x000000078c580000,0x000000078c860728,0x000000078c880000)
  to   space 29696K, 0% used [0x0000000788e80000,0x0000000788e80000,0x000000078ab80000)
 ParOldGen       total 164864K, used 44924K [0x00000006c0000000, 0x00000006ca100000, 0x000000076ab00000)
  object space 164864K, 27% used [0x00000006c0000000,0x00000006c2bdf000,0x00000006ca100000)
 Metaspace       used 22822K, capacity 23164K, committed 23424K, reserved 1071104K
  class space    used 2278K, capacity 2367K, committed 2432K, reserved 1048576K

Card table byte_map: [0x000000010c962000,0x000000010d163000] byte_map_base: 0x0000000109362000

Marking Bits: (ParMarkBitMap*) 0x000000010bef0d30
 Begin Bits: [0x0000000123d8f000, 0x0000000127d8f000)
 End Bits:   [0x0000000127d8f000, 0x000000012bd8f000)

Polling page: 0x000000010ac66000

CodeCache: size=245760Kb used=21359Kb max_used=21545Kb free=224400Kb
 bounds [0x0000000114d8f000, 0x00000001162bf000, 0x0000000123d8f000]
 total_blobs=6484 nmethods=6132 adapters=264
 compilation: enabled

Compilation events (10 events):
Event: 21,409 Thread 0x00007f8aff80c800 7507       2       com.google.javascript.jscomp.RenameVars$ProcessVars::exitScope (1 bytes)
Event: 21,409 Thread 0x00007f8aff80c800 nmethod 7507 0x0000000115527c50 code [0x0000000115527da0, 0x0000000115527ef0]
Event: 21,409 Thread 0x00007f8aff80c800 7508       2       com.google.javascript.jscomp.AbstractVar::isBleedingFunction (22 bytes)
Event: 21,410 Thread 0x00007f8aff80c800 nmethod 7508 0x00000001156e9050 code [0x00000001156e91e0, 0x00000001156e95a8]
Event: 21,424 Thread 0x00007f8aff80c800 7509       2       com.google.javascript.jscomp.RenameVars::access$008 (12 bytes)
Event: 21,425 Thread 0x00007f8aff80c800 nmethod 7509 0x0000000115527850 code [0x00000001155279a0, 0x0000000115527ad0]
Event: 21,438 Thread 0x00007f8aff80c800 7510       1       com.google.javascript.jscomp.RenameVars$ProcessVars::exitScope (1 bytes)
Event: 21,438 Thread 0x00007f8aff80c800 nmethod 7510 0x00000001156e8d90 code [0x00000001156e8ee0, 0x00000001156e8ff0]
Event: 21,465 Thread 0x00007f8aff80c800 7511       2       com.google.javascript.jscomp.RenameVars$Assignment::<init> (43 bytes)
Event: 21,468 Thread 0x00007f8aff80c800 nmethod 7511 0x00000001156e88d0 code [0x00000001156e8a40, 0x00000001156e8c68]

GC Heap History (10 events):
Event: 6,540 GC heap before
{Heap before GC invocations=3 (full 0):
 PSYoungGen      total 141824K, used 141804K [0x000000076ab00000, 0x0000000774000000, 0x00000007c0000000)
  eden space 131072K, 100% used [0x000000076ab00000,0x0000000772b00000,0x0000000772b00000)
  from space 10752K, 99% used [0x0000000773580000,0x0000000773ffb300,0x0000000774000000)
  to   space 10752K, 0% used [0x0000000772b00000,0x0000000772b00000,0x0000000773580000)
 ParOldGen       total 175104K, used 7439K [0x00000006c0000000, 0x00000006cab00000, 0x000000076ab00000)
  object space 175104K, 4% used [0x00000006c0000000,0x00000006c0743f38,0x00000006cab00000)
 Metaspace       used 17938K, capacity 18196K, committed 18432K, reserved 1064960K
  class space    used 1911K, capacity 2018K, committed 2048K, reserved 1048576K
Event: 6,582 GC heap after
Heap after GC invocations=3 (full 0):
 PSYoungGen      total 141824K, used 10746K [0x000000076ab00000, 0x000000077c000000, 0x00000007c0000000)
  eden space 131072K, 0% used [0x000000076ab00000,0x000000076ab00000,0x0000000772b00000)
  from space 10752K, 99% used [0x0000000772b00000,0x000000077357eac0,0x0000000773580000)
  to   space 10752K, 0% used [0x000000077b580000,0x000000077b580000,0x000000077c000000)
 ParOldGen       total 175104K, used 21028K [0x00000006c0000000, 0x00000006cab00000, 0x000000076ab00000)
  object space 175104K, 12% used [0x00000006c0000000,0x00000006c1489238,0x00000006cab00000)
 Metaspace       used 17938K, capacity 18196K, committed 18432K, reserved 1064960K
  class space    used 1911K, capacity 2018K, committed 2048K, reserved 1048576K
}
Event: 10,196 GC heap before
{Heap before GC invocations=4 (full 0):
 PSYoungGen      total 141824K, used 141818K [0x000000076ab00000, 0x000000077c000000, 0x00000007c0000000)
  eden space 131072K, 100% used [0x000000076ab00000,0x0000000772b00000,0x0000000772b00000)
  from space 10752K, 99% used [0x0000000772b00000,0x000000077357eac0,0x0000000773580000)
  to   space 10752K, 0% used [0x000000077b580000,0x000000077b580000,0x000000077c000000)
 ParOldGen       total 175104K, used 21028K [0x00000006c0000000, 0x00000006cab00000, 0x000000076ab00000)
  object space 175104K, 12% used [0x00000006c0000000,0x00000006c1489238,0x00000006cab00000)
 Metaspace       used 18781K, capacity 19086K, committed 19328K, reserved 1067008K
  class space    used 1970K, capacity 2067K, committed 2176K, reserved 1048576K
Event: 10,249 GC heap after
Heap after GC invocations=4 (full 0):
 PSYoungGen      total 272896K, used 10749K [0x000000076ab00000, 0x000000077c000000, 0x00000007c0000000)
  eden space 262144K, 0% used [0x000000076ab00000,0x000000076ab00000,0x000000077ab00000)
  from space 10752K, 99% used [0x000000077b580000,0x000000077bfff758,0x000000077c000000)
  to   space 10752K, 0% used [0x000000077ab00000,0x000000077ab00000,0x000000077b580000)
 ParOldGen       total 175104K, used 33047K [0x00000006c0000000, 0x00000006cab00000, 0x000000076ab00000)
  object space 175104K, 18% used [0x00000006c0000000,0x00000006c2045c78,0x00000006cab00000)
 Metaspace       used 18781K, capacity 19086K, committed 19328K, reserved 1067008K
  class space    used 1970K, capacity 2067K, committed 2176K, reserved 1048576K
}
Event: 14,760 GC heap before
{Heap before GC invocations=5 (full 0):
 PSYoungGen      total 272896K, used 214188K [0x000000076ab00000, 0x000000077c000000, 0x00000007c0000000)
  eden space 262144K, 77% used [0x000000076ab00000,0x00000007771ab928,0x000000077ab00000)
  from space 10752K, 99% used [0x000000077b580000,0x000000077bfff758,0x000000077c000000)
  to   space 10752K, 0% used [0x000000077ab00000,0x000000077ab00000,0x000000077b580000)
 ParOldGen       total 175104K, used 33047K [0x00000006c0000000, 0x00000006cab00000, 0x000000076ab00000)
  object space 175104K, 18% used [0x00000006c0000000,0x00000006c2045c78,0x00000006cab00000)
 Metaspace       used 20723K, capacity 21028K, committed 21248K, reserved 1069056K
  class space    used 2120K, capacity 2197K, committed 2304K, reserved 1048576K
Event: 14,806 GC heap after
Heap after GC invocations=5 (full 0):
 PSYoungGen      total 272896K, used 10737K [0x000000076ab00000, 0x000000078e000000, 0x00000007c0000000)
  eden space 262144K, 0% used [0x000000076ab00000,0x000000076ab00000,0x000000077ab00000)
  from space 10752K, 99% used [0x000000077ab00000,0x000000077b57c640,0x000000077b580000)
  to   space 27136K, 0% used [0x000000078c580000,0x000000078c580000,0x000000078e000000)
 ParOldGen       total 175104K, used 42264K [0x00000006c0000000, 0x00000006cab00000, 0x000000076ab00000)
  object space 175104K, 24% used [0x00000006c0000000,0x00000006c29463e8,0x00000006cab00000)
 Metaspace       used 20723K, capacity 21028K, committed 21248K, reserved 1069056K
  class space    used 2120K, capacity 2197K, committed 2304K, reserved 1048576K
}
Event: 14,806 GC heap before
{Heap before GC invocations=6 (full 1):
 PSYoungGen      total 272896K, used 10737K [0x000000076ab00000, 0x000000078e000000, 0x00000007c0000000)
  eden space 262144K, 0% used [0x000000076ab00000,0x000000076ab00000,0x000000077ab00000)
  from space 10752K, 99% used [0x000000077ab00000,0x000000077b57c640,0x000000077b580000)
  to   space 27136K, 0% used [0x000000078c580000,0x000000078c580000,0x000000078e000000)
 ParOldGen       total 175104K, used 42264K [0x00000006c0000000, 0x00000006cab00000, 0x000000076ab00000)
  object space 175104K, 24% used [0x00000006c0000000,0x00000006c29463e8,0x00000006cab00000)
 Metaspace       used 20723K, capacity 21028K, committed 21248K, reserved 1069056K
  class space    used 2120K, capacity 2197K, committed 2304K, reserved 1048576K
Event: 15,088 GC heap after
Heap after GC invocations=6 (full 1):
 PSYoungGen      total 272896K, used 0K [0x000000076ab00000, 0x000000078e000000, 0x00000007c0000000)
  eden space 262144K, 0% used [0x000000076ab00000,0x000000076ab00000,0x000000077ab00000)
  from space 10752K, 0% used [0x000000077ab00000,0x000000077ab00000,0x000000077b580000)
  to   space 27136K, 0% used [0x000000078c580000,0x000000078c580000,0x000000078e000000)
 ParOldGen       total 164864K, used 44916K [0x00000006c0000000, 0x00000006ca100000, 0x000000076ab00000)
  object space 164864K, 27% used [0x00000006c0000000,0x00000006c2bdd000,0x00000006ca100000)
 Metaspace       used 20723K, capacity 21028K, committed 21248K, reserved 1069056K
  class space    used 2120K, capacity 2197K, committed 2304K, reserved 1048576K
}
Event: 18,329 GC heap before
{Heap before GC invocations=7 (full 1):
 PSYoungGen      total 272896K, used 262144K [0x000000076ab00000, 0x000000078e000000, 0x00000007c0000000)
  eden space 262144K, 100% used [0x000000076ab00000,0x000000077ab00000,0x000000077ab00000)
  from space 10752K, 0% used [0x000000077ab00000,0x000000077ab00000,0x000000077b580000)
  to   space 27136K, 0% used [0x000000078c580000,0x000000078c580000,0x000000078e000000)
 ParOldGen       total 164864K, used 44916K [0x00000006c0000000, 0x00000006ca100000, 0x000000076ab00000)
  object space 164864K, 27% used [0x00000006c0000000,0x00000006c2bdd000,0x00000006ca100000)
 Metaspace       used 21670K, capacity 22000K, committed 22272K, reserved 1069056K
  class space    used 2177K, capacity 2263K, committed 2304K, reserved 1048576K
Event: 18,339 GC heap after
Heap after GC invocations=7 (full 1):
 PSYoungGen      total 360448K, used 2945K [0x000000076ab00000, 0x000000078c880000, 0x00000007c0000000)
  eden space 357376K, 0% used [0x000000076ab00000,0x000000076ab00000,0x0000000780800000)
  from space 3072K, 95% used [0x000000078c580000,0x000000078c860728,0x000000078c880000)
  to   space 29696K, 0% used [0x0000000788e80000,0x0000000788e80000,0x000000078ab80000)
 ParOldGen       total 164864K, used 44924K [0x00000006c0000000, 0x00000006ca100000, 0x000000076ab00000)
  object space 164864K, 27% used [0x00000006c0000000,0x00000006c2bdf000,0x00000006ca100000)
 Metaspace       used 21670K, capacity 22000K, committed 22272K, reserved 1069056K
  class space    used 2177K, capacity 2263K, committed 2304K, reserved 1048576K
}

Deoptimization events (10 events):
Event: 21,208 Thread 0x00007f8aff1ba000 Uncommon trap: reason=unstable_if action=reinterpret pc=0x0000000115f7e294 method=java.util.HashMap.computeIfAbsent(Ljava/lang/Object;Ljava/util/function/Function;)Ljava/lang/Object; @ 132
Event: 21,392 Thread 0x00007f8aff1ba000 Uncommon trap: reason=class_check action=maybe_recompile pc=0x00000001160dc630 method=com.google.common.collect.AbstractMapBasedMultimap$WrappedCollection.refreshIfEmpty()V @ 59
Event: 21,392 Thread 0x00007f8aff1ba000 Uncommon trap: reason=class_check action=maybe_recompile pc=0x00000001160dc630 method=com.google.common.collect.AbstractMapBasedMultimap$WrappedCollection.refreshIfEmpty()V @ 59
Event: 21,392 Thread 0x00007f8aff1ba000 Uncommon trap: reason=class_check action=maybe_recompile pc=0x00000001160dc630 method=com.google.common.collect.AbstractMapBasedMultimap$WrappedCollection.refreshIfEmpty()V @ 59
Event: 21,392 Thread 0x00007f8aff1ba000 Uncommon trap: reason=class_check action=maybe_recompile pc=0x00000001160dc630 method=com.google.common.collect.AbstractMapBasedMultimap$WrappedCollection.refreshIfEmpty()V @ 59
Event: 21,392 Thread 0x00007f8aff1ba000 Uncommon trap: reason=class_check action=maybe_recompile pc=0x00000001160ffc28 method=com.google.common.collect.AbstractMapBasedMultimap$WrappedCollection.refreshIfEmpty()V @ 59
Event: 21,409 Thread 0x00007f8aff1ba000 Uncommon trap: reason=bimorphic action=maybe_recompile pc=0x00000001161047b0 method=com.google.common.collect.AbstractMapBasedMultimap.put(Ljava/lang/Object;Ljava/lang/Object;)Z @ 26
Event: 21,413 Thread 0x00007f8aff1ba000 Uncommon trap: reason=bimorphic action=maybe_recompile pc=0x00000001161047b0 method=com.google.common.collect.AbstractMapBasedMultimap.put(Ljava/lang/Object;Ljava/lang/Object;)Z @ 26
Event: 21,413 Thread 0x00007f8aff1ba000 Uncommon trap: reason=bimorphic action=maybe_recompile pc=0x00000001161047b0 method=com.google.common.collect.AbstractMapBasedMultimap.put(Ljava/lang/Object;Ljava/lang/Object;)Z @ 26
Event: 21,414 Thread 0x00007f8aff1ba000 Uncommon trap: reason=bimorphic action=maybe_recompile pc=0x00000001161047b0 method=com.google.common.collect.AbstractMapBasedMultimap.put(Ljava/lang/Object;Ljava/lang/Object;)Z @ 26

Internal exceptions (10 events):
Event: 11,735 Thread 0x00007f8aff4f6000 Implicit null exception at 0x0000000115bc3b34 to 0x0000000115bc3d59
Event: 13,252 Thread 0x00007f8aff1ba000 Implicit null exception at 0x000000011576d8c6 to 0x000000011576db9d
Event: 14,232 Thread 0x00007f8aff1ba000 Implicit null exception at 0x00000001158767ef to 0x0000000115876899
Event: 14,292 Thread 0x00007f8aff1ba000 Implicit null exception at 0x000000011575f39c to 0x000000011575f455
Event: 14,626 Thread 0x00007f8aff1ba000 Implicit null exception at 0x0000000114ec6c50 to 0x0000000114ec6c68
Event: 18,487 Thread 0x00007f8aff1ba000 Implicit null exception at 0x00000001160c7b90 to 0x00000001160c7bb4
Event: 19,559 Thread 0x00007f8aff1ba000 Implicit null exception at 0x000000011625f004 to 0x000000011625f285
Event: 20,336 Thread 0x00007f8aff1ba000 Exception <a 'java/lang/NoSuchMethodError': java.lang.Object.lambda$comparing$ea9a8b3a$1(Ljava/util/Comparator;Ljava/util/function/Function;Ljava/lang/Object;Ljava/lang/Object;)I> (0x0000000779d2f1d8) thrown at [/Users/java_re/workspace/8-2-build-macosx-x
Event: 20,357 Thread 0x00007f8aff1ba000 Implicit null exception at 0x00000001155132df to 0x00000001155133c7
Event: 20,413 Thread 0x00007f8aff1ba000 Implicit null exception at 0x00000001152a1bb7 to 0x00000001152a21dd

Events (10 events):
Event: 21,409 Thread 0x00007f8aff1ba000 DEOPT UNPACKING pc=0x0000000114d94229 sp=0x0000700008ef8cb0 mode 2
Event: 21,413 Thread 0x00007f8aff1ba000 Uncommon trap: trap_request=0xffffffc6 fr.pc=0x00000001161047b0
Event: 21,413 Thread 0x00007f8aff1ba000 DEOPT PACKING pc=0x00000001161047b0 sp=0x0000700008ef8be0
Event: 21,413 Thread 0x00007f8aff1ba000 DEOPT UNPACKING pc=0x0000000114d94229 sp=0x0000700008ef8bc0 mode 2
Event: 21,413 Thread 0x00007f8aff1ba000 Uncommon trap: trap_request=0xffffffc6 fr.pc=0x00000001161047b0
Event: 21,413 Thread 0x00007f8aff1ba000 DEOPT PACKING pc=0x00000001161047b0 sp=0x0000700008ef8ca0
Event: 21,414 Thread 0x00007f8aff1ba000 DEOPT UNPACKING pc=0x0000000114d94229 sp=0x0000700008ef8c80 mode 2
Event: 21,414 Thread 0x00007f8aff1ba000 Uncommon trap: trap_request=0xffffffc6 fr.pc=0x00000001161047b0
Event: 21,414 Thread 0x00007f8aff1ba000 DEOPT PACKING pc=0x00000001161047b0 sp=0x0000700008ef8120
Event: 21,414 Thread 0x00007f8aff1ba000 DEOPT UNPACKING pc=0x0000000114d94229 sp=0x0000700008ef8100 mode 2


Dynamic libraries:
0x000000000d4ef000 	/System/Library/Frameworks/Cocoa.framework/Versions/A/Cocoa
0x000000000d4ef000 	/System/Library/Frameworks/Security.framework/Versions/A/Security
0x000000000d4ef000 	/System/Library/Frameworks/ApplicationServices.framework/Versions/A/ApplicationServices
0x000000000d4ef000 	/usr/lib/libz.1.dylib
0x000000000d4ef000 	/usr/lib/libSystem.B.dylib
0x000000000d4ef000 	/usr/lib/libobjc.A.dylib
0x000000000d4ef000 	/System/Library/Frameworks/CoreFoundation.framework/Versions/A/CoreFoundation
0x000000000d4ef000 	/System/Library/Frameworks/Foundation.framework/Versions/C/Foundation
0x000000000d4ef000 	/System/Library/Frameworks/AppKit.framework/Versions/C/AppKit
0x000000000d4ef000 	/System/Library/Frameworks/CoreData.framework/Versions/A/CoreData
0x000000000d4ef000 	/System/Library/PrivateFrameworks/UIFoundation.framework/Versions/A/UIFoundation
0x000000000d4ef000 	/System/Library/PrivateFrameworks/RemoteViewServices.framework/Versions/A/RemoteViewServices
0x000000000d4ef000 	/System/Library/PrivateFrameworks/XCTTargetBootstrap.framework/Versions/A/XCTTargetBootstrap
0x000000000d4ef000 	/System/Library/Frameworks/CoreDisplay.framework/Versions/A/CoreDisplay
0x000000000d4ef000 	/System/Library/Frameworks/Metal.framework/Versions/A/Metal
0x000000000d4ef000 	/System/Library/PrivateFrameworks/DesktopServicesPriv.framework/Versions/A/DesktopServicesPriv
0x000000000d4ef000 	/usr/lib/liblangid.dylib
0x000000000d4ef000 	/System/Library/PrivateFrameworks/CoreSVG.framework/Versions/A/CoreSVG
0x000000000d4ef000 	/System/Library/PrivateFrameworks/SkyLight.framework/Versions/A/SkyLight
0x000000000d4ef000 	/System/Library/Frameworks/CoreGraphics.framework/Versions/A/CoreGraphics
0x000000000d4ef000 	/System/Library/Frameworks/Accelerate.framework/Versions/A/Accelerate
0x000000000d4ef000 	/usr/lib/libxml2.2.dylib
0x000000000d4ef000 	/System/Library/PrivateFrameworks/IconServices.framework/Versions/A/IconServices
0x000000000d4ef000 	/System/Library/Frameworks/IOSurface.framework/Versions/A/IOSurface
0x000000000d4ef000 	/usr/lib/libDiagnosticMessagesClient.dylib
0x000000000d4ef000 	/System/Library/PrivateFrameworks/DFRFoundation.framework/Versions/A/DFRFoundation
0x000000000d4ef000 	/usr/lib/libicucore.A.dylib
0x000000000d4ef000 	/System/Library/Frameworks/AudioToolbox.framework/Versions/A/AudioToolbox
0x000000000d4ef000 	/System/Library/Frameworks/AudioUnit.framework/Versions/A/AudioUnit
0x000000000d4ef000 	/usr/lib/libauto.dylib
0x000000000d4ef000 	/System/Library/PrivateFrameworks/DataDetectorsCore.framework/Versions/A/DataDetectorsCore
0x000000000d4ef000 	/System/Library/Frameworks/Carbon.framework/Versions/A/Frameworks/HIToolbox.framework/Versions/A/HIToolbox
0x000000000d4ef000 	/System/Library/Frameworks/QuartzCore.framework/Versions/A/QuartzCore
0x000000000d4ef000 	/System/Library/Frameworks/Carbon.framework/Versions/A/Frameworks/SpeechRecognition.framework/Versions/A/SpeechRecognition
0x000000000d4ef000 	/System/Library/PrivateFrameworks/CoreUI.framework/Versions/A/CoreUI
0x000000000d4ef000 	/System/Library/Frameworks/CoreAudio.framework/Versions/A/CoreAudio
0x000000000d4ef000 	/System/Library/Frameworks/DiskArbitration.framework/Versions/A/DiskArbitration
0x000000000d4ef000 	/System/Library/PrivateFrameworks/MultitouchSupport.framework/Versions/A/MultitouchSupport
0x000000000d4ef000 	/usr/lib/libenergytrace.dylib
0x000000000d4ef000 	/System/Library/Frameworks/IOKit.framework/Versions/A/IOKit
0x000000000d4ef000 	/System/Library/Frameworks/CoreServices.framework/Versions/A/CoreServices
0x000000000d4ef000 	/System/Library/PrivateFrameworks/PerformanceAnalysis.framework/Versions/A/PerformanceAnalysis
0x000000000d4ef000 	/System/Library/Frameworks/OpenGL.framework/Versions/A/OpenGL
0x000000000d4ef000 	/System/Library/Frameworks/ColorSync.framework/Versions/A/ColorSync
0x000000000d4ef000 	/System/Library/Frameworks/CoreImage.framework/Versions/A/CoreImage
0x000000000d4ef000 	/System/Library/Frameworks/CoreText.framework/Versions/A/CoreText
0x000000000d4ef000 	/System/Library/Frameworks/ImageIO.framework/Versions/A/ImageIO
0x000000000d4ef000 	/usr/lib/libc++.1.dylib
0x000000000d4ef000 	/usr/lib/libcompression.dylib
0x000000000d4ef000 	/usr/lib/libMobileGestalt.dylib
0x000000000d4ef000 	/System/Library/PrivateFrameworks/TextureIO.framework/Versions/A/TextureIO
0x000000000d4ef000 	/usr/lib/libate.dylib
0x000000000d4ef000 	/System/Library/PrivateFrameworks/InternationalSupport.framework/Versions/A/InternationalSupport
0x000000000d4ef000 	/usr/lib/system/libcache.dylib
0x000000000d4ef000 	/usr/lib/system/libcommonCrypto.dylib
0x000000000d4ef000 	/usr/lib/system/libcompiler_rt.dylib
0x000000000d4ef000 	/usr/lib/system/libcopyfile.dylib
0x000000000d4ef000 	/usr/lib/system/libcorecrypto.dylib
0x000000000d4ef000 	/usr/lib/system/libdispatch.dylib
0x000000000d4ef000 	/usr/lib/system/libdyld.dylib
0x000000000d4ef000 	/usr/lib/system/libkeymgr.dylib
0x000000000d4ef000 	/usr/lib/system/liblaunch.dylib
0x000000000d4ef000 	/usr/lib/system/libmacho.dylib
0x000000000d4ef000 	/usr/lib/system/libquarantine.dylib
0x000000000d4ef000 	/usr/lib/system/libremovefile.dylib
0x000000000d4ef000 	/usr/lib/system/libsystem_asl.dylib
0x000000000d4ef000 	/usr/lib/system/libsystem_blocks.dylib
0x000000000d4ef000 	/usr/lib/system/libsystem_c.dylib
0x000000000d4ef000 	/usr/lib/system/libsystem_configuration.dylib
0x000000000d4ef000 	/usr/lib/system/libsystem_coreservices.dylib
0x000000000d4ef000 	/usr/lib/system/libsystem_darwin.dylib
0x000000000d4ef000 	/usr/lib/system/libsystem_dnssd.dylib
0x000000000d4ef000 	/usr/lib/system/libsystem_featureflags.dylib
0x000000000d4ef000 	/usr/lib/system/libsystem_info.dylib
0x000000000d4ef000 	/usr/lib/system/libsystem_m.dylib
0x000000000d4ef000 	/usr/lib/system/libsystem_malloc.dylib
0x000000000d4ef000 	/usr/lib/system/libsystem_networkextension.dylib
0x000000000d4ef000 	/usr/lib/system/libsystem_notify.dylib
0x000000000d4ef000 	/usr/lib/system/libsystem_sandbox.dylib
0x000000000d4ef000 	/usr/lib/system/libsystem_secinit.dylib
0x000000000d4ef000 	/usr/lib/system/libsystem_kernel.dylib
0x000000000d4ef000 	/usr/lib/system/libsystem_platform.dylib
0x000000000d4ef000 	/usr/lib/system/libsystem_pthread.dylib
0x000000000d4ef000 	/usr/lib/system/libsystem_symptoms.dylib
0x000000000d4ef000 	/usr/lib/system/libsystem_trace.dylib
0x000000000d4ef000 	/usr/lib/system/libunwind.dylib
0x000000000d4ef000 	/usr/lib/system/libxpc.dylib
0x000000000d4ef000 	/usr/lib/libc++abi.dylib
0x000000000d4ef000 	/usr/lib/liblzma.5.dylib
0x000000000d4ef000 	/usr/lib/libfakelink.dylib
0x000000000d4ef000 	/usr/lib/libarchive.2.dylib
0x000000000d4ef000 	/System/Library/Frameworks/SystemConfiguration.framework/Versions/A/SystemConfiguration
0x000000000d4ef000 	/usr/lib/libCRFSuite.dylib
0x000000000d4ef000 	/System/Library/Frameworks/CFNetwork.framework/Versions/A/CFNetwork
0x000000000d4ef000 	/usr/lib/libbsm.0.dylib
0x000000000d4ef000 	/usr/lib/system/libkxld.dylib
0x000000000d4ef000 	/System/Library/PrivateFrameworks/AppleFSCompression.framework/Versions/A/AppleFSCompression
0x000000000d4ef000 	/usr/lib/libcoretls.dylib
0x000000000d4ef000 	/usr/lib/libcoretls_cfhelpers.dylib
0x000000000d4ef000 	/usr/lib/libpam.2.dylib
0x000000000d4ef000 	/usr/lib/libsqlite3.dylib
0x000000000d4ef000 	/usr/lib/libxar.1.dylib
0x000000000d4ef000 	/usr/lib/libbz2.1.0.dylib
0x000000000d4ef000 	/usr/lib/libiconv.2.dylib
0x000000000d4ef000 	/usr/lib/libcharset.1.dylib
0x000000000d4ef000 	/usr/lib/libnetwork.dylib
0x000000000d4ef000 	/usr/lib/libpcap.A.dylib
0x000000000d4ef000 	/usr/lib/libapple_nghttp2.dylib
0x000000000d4ef000 	/System/Library/Frameworks/CoreServices.framework/Versions/A/Frameworks/FSEvents.framework/Versions/A/FSEvents
0x000000000d4ef000 	/System/Library/Frameworks/CoreServices.framework/Versions/A/Frameworks/CarbonCore.framework/Versions/A/CarbonCore
0x000000000d4ef000 	/System/Library/Frameworks/CoreServices.framework/Versions/A/Frameworks/Metadata.framework/Versions/A/Metadata
0x000000000d4ef000 	/System/Library/Frameworks/CoreServices.framework/Versions/A/Frameworks/OSServices.framework/Versions/A/OSServices
0x000000000d4ef000 	/System/Library/Frameworks/CoreServices.framework/Versions/A/Frameworks/SearchKit.framework/Versions/A/SearchKit
0x000000000d4ef000 	/System/Library/Frameworks/CoreServices.framework/Versions/A/Frameworks/AE.framework/Versions/A/AE
0x000000000d4ef000 	/System/Library/Frameworks/CoreServices.framework/Versions/A/Frameworks/LaunchServices.framework/Versions/A/LaunchServices
0x000000000d4ef000 	/System/Library/Frameworks/CoreServices.framework/Versions/A/Frameworks/DictionaryServices.framework/Versions/A/DictionaryServices
0x000000000d4ef000 	/System/Library/Frameworks/CoreServices.framework/Versions/A/Frameworks/SharedFileList.framework/Versions/A/SharedFileList
0x000000000d4ef000 	/System/Library/Frameworks/NetFS.framework/Versions/A/NetFS
0x000000000d4ef000 	/System/Library/PrivateFrameworks/NetAuth.framework/Versions/A/NetAuth
0x000000000d4ef000 	/System/Library/PrivateFrameworks/login.framework/Versions/A/Frameworks/loginsupport.framework/Versions/A/loginsupport
0x000000000d4ef000 	/System/Library/PrivateFrameworks/TCC.framework/Versions/A/TCC
0x000000000d4ef000 	/System/Library/PrivateFrameworks/CoreNLP.framework/Versions/A/CoreNLP
0x000000000d4ef000 	/System/Library/PrivateFrameworks/MetadataUtilities.framework/Versions/A/MetadataUtilities
0x000000000d4ef000 	/usr/lib/libmecabra.dylib
0x000000000d4ef000 	/usr/lib/libmecab.dylib
0x000000000d4ef000 	/usr/lib/libgermantok.dylib
0x000000000d4ef000 	/usr/lib/libThaiTokenizer.dylib
0x000000000d4ef000 	/usr/lib/libChineseTokenizer.dylib
0x000000000d4ef000 	/System/Library/Frameworks/Accelerate.framework/Versions/A/Frameworks/vImage.framework/Versions/A/vImage
0x000000000d4ef000 	/System/Library/Frameworks/Accelerate.framework/Versions/A/Frameworks/vecLib.framework/Versions/A/vecLib
0x000000000d4ef000 	/System/Library/Frameworks/Accelerate.framework/Versions/A/Frameworks/vecLib.framework/Versions/A/libvMisc.dylib
0x000000000d4ef000 	/System/Library/Frameworks/Accelerate.framework/Versions/A/Frameworks/vecLib.framework/Versions/A/libvDSP.dylib
0x000000000d4ef000 	/System/Library/Frameworks/Accelerate.framework/Versions/A/Frameworks/vecLib.framework/Versions/A/libBLAS.dylib
0x000000000d4ef000 	/System/Library/Frameworks/Accelerate.framework/Versions/A/Frameworks/vecLib.framework/Versions/A/libLAPACK.dylib
0x000000000d4ef000 	/System/Library/Frameworks/Accelerate.framework/Versions/A/Frameworks/vecLib.framework/Versions/A/libLinearAlgebra.dylib
0x000000000d4ef000 	/System/Library/Frameworks/Accelerate.framework/Versions/A/Frameworks/vecLib.framework/Versions/A/libSparseBLAS.dylib
0x000000000d4ef000 	/System/Library/Frameworks/Accelerate.framework/Versions/A/Frameworks/vecLib.framework/Versions/A/libQuadrature.dylib
0x000000000d4ef000 	/System/Library/Frameworks/Accelerate.framework/Versions/A/Frameworks/vecLib.framework/Versions/A/libBNNS.dylib
0x000000000d4ef000 	/System/Library/Frameworks/Accelerate.framework/Versions/A/Frameworks/vecLib.framework/Versions/A/libSparse.dylib
0x000000000d4ef000 	/System/Library/PrivateFrameworks/LanguageModeling.framework/Versions/A/LanguageModeling
0x000000000d4ef000 	/System/Library/PrivateFrameworks/CoreEmoji.framework/Versions/A/CoreEmoji
0x000000000d4ef000 	/System/Library/PrivateFrameworks/LinguisticData.framework/Versions/A/LinguisticData
0x000000000d4ef000 	/System/Library/PrivateFrameworks/Lexicon.framework/Versions/A/Lexicon
0x000000000d4ef000 	/usr/lib/libcmph.dylib
0x000000000d4ef000 	/System/Library/Frameworks/OpenDirectory.framework/Versions/A/Frameworks/CFOpenDirectory.framework/Versions/A/CFOpenDirectory
0x000000000d4ef000 	/System/Library/Frameworks/OpenDirectory.framework/Versions/A/OpenDirectory
0x000000000d4ef000 	/System/Library/PrivateFrameworks/APFS.framework/Versions/A/APFS
0x000000000d4ef000 	/System/Library/Frameworks/SecurityFoundation.framework/Versions/A/SecurityFoundation
0x000000000d4ef000 	/usr/lib/libutil.dylib
0x000000000d4ef000 	/System/Library/PrivateFrameworks/CoreServicesStore.framework/Versions/A/CoreServicesStore
0x000000000d4ef000 	/System/Library/Frameworks/ServiceManagement.framework/Versions/A/ServiceManagement
0x000000000d4ef000 	/System/Library/PrivateFrameworks/BackgroundTaskManagement.framework/Versions/A/BackgroundTaskManagement
0x000000000d4ef000 	/usr/lib/libxslt.1.dylib
0x000000000d4ef000 	/System/Library/PrivateFrameworks/AppleSystemInfo.framework/Versions/A/AppleSystemInfo
0x000000000d4ef000 	/System/Library/Frameworks/ImageIO.framework/Versions/A/Resources/libJPEG.dylib
0x000000000d4ef000 	/System/Library/Frameworks/ImageIO.framework/Versions/A/Resources/libTIFF.dylib
0x000000000d4ef000 	/System/Library/Frameworks/ImageIO.framework/Versions/A/Resources/libPng.dylib
0x000000000d4ef000 	/System/Library/Frameworks/ImageIO.framework/Versions/A/Resources/libGIF.dylib
0x000000000d4ef000 	/System/Library/Frameworks/ImageIO.framework/Versions/A/Resources/libJP2.dylib
0x000000000d4ef000 	/System/Library/Frameworks/ImageIO.framework/Versions/A/Resources/libRadiance.dylib
0x000000000d4ef000 	/usr/lib/libexpat.1.dylib
0x000000000d4ef000 	/System/Library/PrivateFrameworks/AppleJPEG.framework/Versions/A/AppleJPEG
0x000000000d4ef000 	/System/Library/PrivateFrameworks/FontServices.framework/libFontParser.dylib
0x000000000d4ef000 	/System/Library/PrivateFrameworks/WatchdogClient.framework/Versions/A/WatchdogClient
0x000000000d4ef000 	/System/Library/PrivateFrameworks/IOAccelerator.framework/Versions/A/IOAccelerator
0x000000000d4ef000 	/System/Library/Frameworks/MetalPerformanceShaders.framework/Versions/A/MetalPerformanceShaders
0x000000000d4ef000 	/System/Library/PrivateFrameworks/GPUWrangler.framework/Versions/A/GPUWrangler
0x000000000d4ef000 	/System/Library/PrivateFrameworks/IOPresentment.framework/Versions/A/IOPresentment
0x000000000d4ef000 	/System/Library/PrivateFrameworks/DSExternalDisplay.framework/Versions/A/DSExternalDisplay
0x000000000d4ef000 	/System/Library/Frameworks/OpenGL.framework/Versions/A/Libraries/libCoreFSCache.dylib
0x000000000d4ef000 	/System/Library/Frameworks/MetalPerformanceShaders.framework/Frameworks/MPSCore.framework/Versions/A/MPSCore
0x000000000d4ef000 	/System/Library/Frameworks/MetalPerformanceShaders.framework/Frameworks/MPSImage.framework/Versions/A/MPSImage
0x000000000d4ef000 	/System/Library/Frameworks/MetalPerformanceShaders.framework/Frameworks/MPSNeuralNetwork.framework/Versions/A/MPSNeuralNetwork
0x000000000d4ef000 	/System/Library/Frameworks/MetalPerformanceShaders.framework/Frameworks/MPSMatrix.framework/Versions/A/MPSMatrix
0x000000000d4ef000 	/System/Library/Frameworks/MetalPerformanceShaders.framework/Frameworks/MPSRayIntersector.framework/Versions/A/MPSRayIntersector
0x000000000d4ef000 	/System/Library/Frameworks/MetalPerformanceShaders.framework/Frameworks/MPSNDArray.framework/Versions/A/MPSNDArray
0x000000000d4ef000 	/System/Library/PrivateFrameworks/MetalTools.framework/Versions/A/MetalTools
0x000000000d4ef000 	/System/Library/PrivateFrameworks/AggregateDictionary.framework/Versions/A/AggregateDictionary
0x000000000d4ef000 	/System/Library/PrivateFrameworks/CoreAnalytics.framework/Versions/A/CoreAnalytics
0x000000000d4ef000 	/System/Library/PrivateFrameworks/AppleSauce.framework/Versions/A/AppleSauce
0x000000000d4ef000 	/usr/lib/libIOReport.dylib
0x000000000d4ef000 	/System/Library/Frameworks/CoreVideo.framework/Versions/A/CoreVideo
0x000000000d4ef000 	/System/Library/PrivateFrameworks/GraphVisualizer.framework/Versions/A/GraphVisualizer
0x000000000d4ef000 	/System/Library/PrivateFrameworks/FaceCore.framework/Versions/A/FaceCore
0x000000000d4ef000 	/System/Library/Frameworks/OpenCL.framework/Versions/A/OpenCL
0x000000000d4ef000 	/usr/lib/libFosl_dynamic.dylib
0x000000000d4ef000 	/System/Library/PrivateFrameworks/OTSVG.framework/Versions/A/OTSVG
0x000000000d4ef000 	/System/Library/Frameworks/ApplicationServices.framework/Versions/A/Frameworks/ATS.framework/Versions/A/Resources/libFontRegistry.dylib
0x000000000d4ef000 	/System/Library/PrivateFrameworks/FontServices.framework/libhvf.dylib
0x000000000d4ef000 	/System/Library/Frameworks/OpenGL.framework/Versions/A/Libraries/libGFXShared.dylib
0x000000000d4ef000 	/System/Library/Frameworks/OpenGL.framework/Versions/A/Libraries/libGLU.dylib
0x000000000d4ef000 	/System/Library/Frameworks/OpenGL.framework/Versions/A/Libraries/libGL.dylib
0x000000000d4ef000 	/System/Library/Frameworks/OpenGL.framework/Versions/A/Libraries/libGLImage.dylib
0x000000000d4ef000 	/System/Library/Frameworks/OpenGL.framework/Versions/A/Libraries/libCVMSPluginSupport.dylib
0x000000000d4ef000 	/System/Library/Frameworks/OpenGL.framework/Versions/A/Libraries/libCoreVMClient.dylib
0x000000000d4ef000 	/usr/lib/libncurses.5.4.dylib
0x000000000d4ef000 	/System/Library/Frameworks/ApplicationServices.framework/Versions/A/Frameworks/ATS.framework/Versions/A/ATS
0x000000000d4ef000 	/System/Library/Frameworks/ApplicationServices.framework/Versions/A/Frameworks/ColorSyncLegacy.framework/Versions/A/ColorSyncLegacy
0x000000000d4ef000 	/System/Library/Frameworks/ApplicationServices.framework/Versions/A/Frameworks/HIServices.framework/Versions/A/HIServices
0x000000000d4ef000 	/System/Library/Frameworks/ApplicationServices.framework/Versions/A/Frameworks/LangAnalysis.framework/Versions/A/LangAnalysis
0x000000000d4ef000 	/System/Library/Frameworks/ApplicationServices.framework/Versions/A/Frameworks/PrintCore.framework/Versions/A/PrintCore
0x000000000d4ef000 	/System/Library/Frameworks/ApplicationServices.framework/Versions/A/Frameworks/QD.framework/Versions/A/QD
0x000000000d4ef000 	/System/Library/Frameworks/ApplicationServices.framework/Versions/A/Frameworks/SpeechSynthesis.framework/Versions/A/SpeechSynthesis
0x000000000d4ef000 	/System/Library/Frameworks/ApplicationServices.framework/Versions/A/Frameworks/ATSUI.framework/Versions/A/ATSUI
0x000000000d4ef000 	/usr/lib/libcups.2.dylib
0x000000000d4ef000 	/System/Library/Frameworks/Kerberos.framework/Versions/A/Kerberos
0x000000000d4ef000 	/System/Library/Frameworks/GSS.framework/Versions/A/GSS
0x000000000d4ef000 	/usr/lib/libresolv.9.dylib
0x000000000d4ef000 	/System/Library/PrivateFrameworks/Heimdal.framework/Versions/A/Heimdal
0x000000000d4ef000 	/System/Library/Frameworks/Kerberos.framework/Versions/A/Libraries/libHeimdalProxy.dylib
0x000000000d4ef000 	/usr/lib/libheimdal-asn1.dylib
0x000000000d4ef000 	/System/Library/PrivateFrameworks/CommonAuth.framework/Versions/A/CommonAuth
0x000000000d4ef000 	/System/Library/PrivateFrameworks/AssertionServices.framework/Versions/A/AssertionServices
0x000000000d4ef000 	/System/Library/PrivateFrameworks/AudioToolboxCore.framework/Versions/A/AudioToolboxCore
0x000000000d4ef000 	/System/Library/PrivateFrameworks/caulk.framework/Versions/A/caulk
0x000000000d4ef000 	/System/Library/PrivateFrameworks/BaseBoard.framework/Versions/A/BaseBoard
0x000000000d4ef000 	/System/Library/PrivateFrameworks/RunningBoardServices.framework/Versions/A/RunningBoardServices
0x000000000d4ef000 	/System/Library/PrivateFrameworks/PersistentConnection.framework/Versions/A/PersistentConnection
0x000000000d4ef000 	/System/Library/PrivateFrameworks/ProtocolBuffer.framework/Versions/A/ProtocolBuffer
0x000000000d4ef000 	/System/Library/PrivateFrameworks/CommonUtilities.framework/Versions/A/CommonUtilities
0x000000000d4ef000 	/System/Library/PrivateFrameworks/Bom.framework/Versions/A/Bom
0x000000000d4ef000 	/usr/lib/libAudioToolboxUtility.dylib
0x000000000d4ef000 	/System/Library/PrivateFrameworks/Backup.framework/Versions/A/Backup
0x000000000d4ef000 	/System/Library/PrivateFrameworks/CrashReporterSupport.framework/Versions/A/CrashReporterSupport
0x000000000d4ef000 	/System/Library/PrivateFrameworks/Sharing.framework/Versions/A/Sharing
0x000000000d4ef000 	/System/Library/PrivateFrameworks/Apple80211.framework/Versions/A/Apple80211
0x000000000d4ef000 	/System/Library/PrivateFrameworks/AuthKit.framework/Versions/A/AuthKit
0x000000000d4ef000 	/System/Library/PrivateFrameworks/CoreUtils.framework/Versions/A/CoreUtils
0x000000000d4ef000 	/System/Library/Frameworks/CoreWLAN.framework/Versions/A/CoreWLAN
0x000000000d4ef000 	/System/Library/Frameworks/IOBluetooth.framework/Versions/A/IOBluetooth
0x000000000d4ef000 	/System/Library/PrivateFrameworks/MobileKeyBag.framework/Versions/A/MobileKeyBag
0x000000000d4ef000 	/System/Library/PrivateFrameworks/CorePhoneNumbers.framework/Versions/A/CorePhoneNumbers
0x000000000d4ef000 	/System/Library/PrivateFrameworks/AppleIDAuthSupport.framework/Versions/A/AppleIDAuthSupport
0x000000000d4ef000 	/System/Library/Frameworks/Network.framework/Versions/A/Network
0x000000000d4ef000 	/System/Library/PrivateFrameworks/KeychainCircle.framework/Versions/A/KeychainCircle
0x000000000d4ef000 	/System/Library/Frameworks/CoreBluetooth.framework/Versions/A/CoreBluetooth
0x000000000d4ef000 	/System/Library/PrivateFrameworks/SpeechRecognitionCore.framework/Versions/A/SpeechRecognitionCore
0x000000000d4ef000 	/System/Library/CoreServices/Encodings/libCyrillicConverter.dylib
0x000000010b600000 	/Library/Java/JavaVirtualMachines/jdk1.8.0_121.jdk/Contents/Home/jre/lib/server/libjvm.dylib
0x000000000d4ef000 	/usr/lib/libstdc++.6.dylib
0x000000010ac23000 	/Library/Java/JavaVirtualMachines/jdk1.8.0_121.jdk/Contents/Home/jre/lib/libverify.dylib
0x000000010ac31000 	/Library/Java/JavaVirtualMachines/jdk1.8.0_121.jdk/Contents/Home/jre/lib/libjava.dylib
0x000000010acb0000 	/Library/Java/JavaVirtualMachines/jdk1.8.0_121.jdk/Contents/Home/jre/lib/libzip.dylib
0x000000000d4ef000 	/System/Library/Frameworks/JavaVM.framework/Versions/A/Frameworks/JavaRuntimeSupport.framework/Versions/A/JavaRuntimeSupport
0x000000000d4ef000 	/System/Library/Frameworks/JavaVM.framework/Versions/A/Frameworks/JavaNativeFoundation.framework/Versions/A/JavaNativeFoundation
0x000000000d4ef000 	/System/Library/Frameworks/JavaVM.framework/Versions/A/JavaVM
0x000000000d4ef000 	/System/Library/Frameworks/Carbon.framework/Versions/A/Carbon
0x000000000d4ef000 	/System/Library/PrivateFrameworks/CoreSymbolication.framework/Versions/A/CoreSymbolication
0x000000000d4ef000 	/System/Library/PrivateFrameworks/JavaLaunching.framework/Versions/A/JavaLaunching
0x000000000d4ef000 	/System/Library/Frameworks/Carbon.framework/Versions/A/Frameworks/CommonPanels.framework/Versions/A/CommonPanels
0x000000000d4ef000 	/System/Library/Frameworks/Carbon.framework/Versions/A/Frameworks/Help.framework/Versions/A/Help
0x000000000d4ef000 	/System/Library/Frameworks/Carbon.framework/Versions/A/Frameworks/ImageCapture.framework/Versions/A/ImageCapture
0x000000000d4ef000 	/System/Library/Frameworks/Carbon.framework/Versions/A/Frameworks/OpenScripting.framework/Versions/A/OpenScripting
0x000000000d4ef000 	/System/Library/Frameworks/Carbon.framework/Versions/A/Frameworks/Ink.framework/Versions/A/Ink
0x000000000d4ef000 	/System/Library/Frameworks/Carbon.framework/Versions/A/Frameworks/Print.framework/Versions/A/Print
0x000000000d4ef000 	/System/Library/Frameworks/Carbon.framework/Versions/A/Frameworks/SecurityHI.framework/Versions/A/SecurityHI
0x000000000d4ef000 	/System/Library/PrivateFrameworks/DebugSymbols.framework/Versions/A/DebugSymbols
0x00000001114e7000 	/Library/Java/JavaVirtualMachines/jdk1.8.0_121.jdk/Contents/Home/jre/lib/libnio.dylib
0x00000001114f7000 	/Library/Java/JavaVirtualMachines/jdk1.8.0_121.jdk/Contents/Home/jre/lib/libnet.dylib

VM Arguments:
java_command: /Users/alex-gusev/work/yandex-pcode/shaka-player/third_party/closure/compiler.jar --js_output_file /Users/alex-gusev/work/yandex-pcode/shaka-player/dist/shaka-player.compiled.js --create_source_map /Users/alex-gusev/work/yandex-pcode/shaka-player/dist/shaka-player.compiled.map --source_map_location_mapping /Users/alex-gusev/work/yandex-pcode/shaka-player/|../ --output_wrapper_file=/Users/alex-gusev/work/yandex-pcode/shaka-player/dist/wrapper.js --language_out ECMASCRIPT3 --jscomp_error=* --jscomp_off=jsdocMissingConst --extra_annotation_name=listens --extra_annotation_name=exportDoc --extra_annotation_name=exportInterface --conformance_configs /Users/alex-gusev/work/yandex-pcode/shaka-player/build/conformance.textproto --generate_exports -D COMPILED=true -D goog.STRICT_MODE_COMPATIBLE=true -D goog.ENABLE_DEBUG_LOADER=false -O ADVANCED -D goog.DEBUG=false -D goog.asserts.ENABLE_ASSERTS=false -D shaka.log.MAX_LOG_LEVEL=0 -D shaka.Player.version="v2.5.5-9-g2ea5025d-dirty" /Users/alex-gusev/work/yandex-pcode/shaka-player/externs/audiotrack.js /Users/alex-gusev/work/yandex-pcode/shaka-player/externs/awesomplete.js /Users/alex-gusev/work/yandex-pcode/shaka-player/externs/cache.js /Users/alex-gusev/work/yandex-pcode/shaka-player/externs/chromecast.js /Users/alex-gusev/work/yandex-pcode/shaka-player/externs/dialog_polyfill.js /Users/alex-gusev/work/yandex-pcode/shaka-player/externs/fetch.js /Users/alex-gusev/work/yandex-pcode/shaka-player/externs/fullscreen.js /Users/alex-gusev/work/yandex-pcode/shaka-player/externs/jwk_set.js /Users/alex-gusev/work/yandex-pcode/shaka-player/externs/less.js /Users/alex-gusev/work/yandex-pcode/shaka-player/externs/mdl.js /Users/alex-gusev/work/yandex-pcode/shaka-player/externs/mediaerror.js /Users/alex-gusev/work/yandex-pcode/shaka-player/externs/mediasession.js /Users/alex-gusev/work/yandex-pcode/shaka-player/externs/msmediakeys.js /Users/alex-gusev/work/yandex-pcode/shaka-player/externs/mux.js /Users/alex-gusev/work/yandex-
java_class_path (initial): /Users/alex-gusev/work/yandex-pcode/shaka-player/third_party/closure/compiler.jar
Launcher Type: SUN_STANDARD

Environment Variables:
PATH=/opt/local/bin:/opt/local/sbin:/Users/alex-gusev/.rbenv/shims:/usr/local/bin:/usr/bin:/bin:/usr/sbin:/sbin:/usr/local/go/bin:/Library/Frameworks/Mono.framework/Versions/Current/Commands:/usr/local/munki:/Library/TeX/texbin:.:/Users/alex-gusev/node_modules/.bin:/Users/alex-gusev/bin:/Users/alex-gusev/work/yandex-pcode/shaka-player/node_modules/.bin
SHELL=/usr/local/bin/fish

Signal Handlers:
SIGSEGV: [libjvm.dylib+0x5b1141], sa_mask[0]=11111111011111110111111111111111, sa_flags=SA_ONSTACK|SA_RESTART|SA_SIGINFO
SIGBUS: [libjvm.dylib+0x5b1141], sa_mask[0]=11111111011111110111111111111111, sa_flags=SA_RESTART|SA_SIGINFO
SIGFPE: [libjvm.dylib+0x487bc4], sa_mask[0]=11111111011111110111111111111111, sa_flags=SA_RESTART|SA_SIGINFO
SIGPIPE: [libjvm.dylib+0x487bc4], sa_mask[0]=11111111011111110111111111111111, sa_flags=SA_RESTART|SA_SIGINFO
SIGXFSZ: [libjvm.dylib+0x487bc4], sa_mask[0]=11111111011111110111111111111111, sa_flags=SA_RESTART|SA_SIGINFO
SIGILL: [libjvm.dylib+0x487bc4], sa_mask[0]=11111111011111110111111111111111, sa_flags=SA_RESTART|SA_SIGINFO
SIGUSR1: SIG_DFL, sa_mask[0]=00000000000000000000000000000000, sa_flags=SA_RESTART
SIGUSR2: [libjvm.dylib+0x4876e2], sa_mask[0]=00000000000000000000000000000000, sa_flags=SA_RESTART|SA_SIGINFO
SIGHUP: [libjvm.dylib+0x485cb9], sa_mask[0]=11111111011111110111111111111111, sa_flags=SA_RESTART|SA_SIGINFO
SIGINT: [libjvm.dylib+0x485cb9], sa_mask[0]=11111111011111110111111111111111, sa_flags=SA_RESTART|SA_SIGINFO
SIGTERM: [libjvm.dylib+0x485cb9], sa_mask[0]=11111111011111110111111111111111, sa_flags=SA_RESTART|SA_SIGINFO
SIGQUIT: [libjvm.dylib+0x485cb9], sa_mask[0]=11111111011111110111111111111111, sa_flags=SA_RESTART|SA_SIGINFO


---------------  S Y S T E M  ---------------

OS:Bsduname:Darwin 19.3.0 Darwin Kernel Version 19.3.0: Thu Jan  9 20:58:23 PST 2020; root:xnu-6153.81.5~1/RELEASE_X86_64 x86_64
rlimit: STACK 8192k, CORE 0k, NPROC 2784, NOFILE 10240, AS infinity
load average:6,10 5,62 7,41

CPU:total 4 (2 cores per cpu, 2 threads per core) family 6 model 61 stepping 4, cmov, cx8, fxsr, mmx, sse, sse2, sse3, ssse3, sse4.1, sse4.2, popcnt, avx, avx2, aes, clmul, erms, 3dnowpref, lzcnt, ht, tsc, tscinvbit, bmi1, bmi2, adx

Memory: 4k page, physical 16777216k(1522108k free)

/proc/meminfo:


vm_info: Java HotSpot(TM) 64-Bit Server VM (25.121-b13) for bsd-amd64 JRE (1.8.0_121-b13), built on Dec 12 2016 20:39:32 by "java_re" with gcc 4.2.1 (Based on Apple Inc. build 5658) (LLVM build 2336.11.00)

time: Sun Apr 12 19:33:58 2020
elapsed time: 21 seconds (0d 0h 0m 21s)

