#
# A fatal error has been detected by the Java Runtime Environment:
#
#  SIGSEGV (0xb) at pc=0x000000010b287710, pid=18934, tid=0x0000000000000307
#
# JRE version: Java(TM) SE Runtime Environment (8.0_121-b13) (build 1.8.0_121-b13)
# Java VM: Java HotSpot(TM) 64-Bit Server VM (25.121-b13 mixed mode bsd-amd64 compressed oops)
# Problematic frame:
# V  [libjvm.dylib+0x487710]  SR_handler(int, __siginfo*, __darwin_ucontext*)+0x2e
#
# Failed to write core dump. Core dumps have been disabled. To enable core dumping, try "ulimit -c unlimited" before starting Java again
#
# If you would like to submit a bug report, please visit:
#   http://bugreport.java.com/bugreport/crash.jsp
#

---------------  T H R E A D  ---------------

Current thread is native thread

siginfo: si_signo: 11 (SIGSEGV), si_code: 1 (SEGV_MAPERR), si_addr: 0x0000000000000128

Registers:
RAX=0x0000000000000000, RBX=0x00007ffee58431f0, RCX=0x0000000116dffe6c, RDX=0x00007ffee58431f0
RSP=0x00007ffee5842d20, RBP=0x00007ffee5842d50, RSI=0x00007ffee5843188, RDI=0x000000000000010c
R8 =0x00007ffee58431f0, R9 =0x2831fd6ac0127a66, R10=0x0000000000000c00, R11=0x0000000000000206
R12=0x2831fd6ac0127a66, R13=0x0000000000000c00, R14=0x00007ffee5843188, R15=0x0000000000000002
RIP=0x000000010b287710, EFLAGS=0x0000000000010206, ERR=0x0000000000000004
  TRAPNO=0x000000000000000e

Top of Stack: (sp=0x00007ffee5842d20)
0x00007ffee5842d20:   00007fffe3c48b34 00007ffee58431f0
0x00007ffee5842d30:   2831fd6ac0127a66 0000000000000c00
0x00007ffee5842d40:   00007ffee5843470 0000000000000000
0x00007ffee5842d50:   00007ffee5842d60 00007fff7094d42d
0x00007ffee5842d60:   00007ffee5843300 00007fffe3c39d6c
0x00007ffee5842d70:   000000005e29988f 00007fff3720d000
0x00007ffee5842d80:   0100001f00000085 00007fff91e38040
0x00007ffee5842d90:   0000000010004005 0000000007000806
0x00007ffee5842da0:   00007ffee58432a8 0000000000000000
0x00007ffee5842db0:   00007ffee5843470 0000000007000806
0x00007ffee5842dc0:   00007ffee5843300 00007ffee58432a8
0x00007ffee5842dd0:   0000000000000c03 00000000ffffffff
0x00007ffee5842de0:   0000000000000c00 0000000000000206
0x00007ffee5842df0:   0000000007000806 0000000000000c00
0x00007ffee5842e00:   00007ffee5843470 0000000000000000
0x00007ffee5842e10:   00007fff7089525a 0000000000000206
0x00007ffee5842e20:   0000000000000007 0000000000000000
0x00007ffee5842e30:   0000000000000000 0000000000000000
0x00007ffee5842e40:   000000000000037f 0000000000000000
0x00007ffee5842e50:   0000000000000000 0000ffff00001fa1
0x00007ffee5842e60:   0000000000000000 000000000000ffff
0x00007ffee5842e70:   0000000000000100 000000000000ffff
0x00007ffee5842e80:   0000000000000000 0000000000000000
0x00007ffee5842e90:   0000000000000000 0000000000000000
0x00007ffee5842ea0:   87bc000000000000 000000000000c00b
0x00007ffee5842eb0:   0000000000000000 0000000000000000
0x00007ffee5842ec0:   bb78000000000000 000000000000400b
0x00007ffee5842ed0:   0000000000000000 0000000000000000
0x00007ffee5842ee0:   41c221ca5af3b385 0000000000000000
0x00007ffee5842ef0:   3fecece13f4a98aa 0000000000000000
0x00007ffee5842f00:   4415af1d78b58c40 0000000000000000
0x00007ffee5842f10:   c3e0000000000000 0000000000000000 

Instructions: (pc=0x000000010b287710)
0x000000010b2876f0:   83 ec 08 48 89 d3 49 89 f6 e8 84 33 14 00 44 8b
0x000000010b287700:   38 48 8d 05 d8 ea 3a 00 48 63 38 e8 4e 36 14 00
0x000000010b287710:   4c 8b a0 28 01 00 00 41 83 7c 24 34 01 0f 85 e2
0x000000010b287720:   00 00 00 49 89 5c 24 40 4d 89 74 24 38 49 8d 5c 

Register to memory mapping:

RAX=0x0000000000000000 is an unknown value
RBX=0x00007ffee58431f0 is an unknown value
RCX=0x0000000116dffe6c is an unknown value
RDX=0x00007ffee58431f0 is an unknown value
RSP=0x00007ffee5842d20 is an unknown value
RBP=0x00007ffee5842d50 is an unknown value
RSI=0x00007ffee5843188 is an unknown value
RDI=0x000000000000010c is an unknown value
R8 =0x00007ffee58431f0 is an unknown value
R9 =0x2831fd6ac0127a66 is an unknown value
R10=0x0000000000000c00 is an unknown value
R11=0x0000000000000206 is an unknown value
R12=0x2831fd6ac0127a66 is an unknown value
R13=0x0000000000000c00 is an unknown value
R14=0x00007ffee5843188 is an unknown value
R15=0x0000000000000002 is an unknown value


Stack: [0x00007ffee5046000,0x00007ffee5846000],  sp=0x00007ffee5842d20,  free space=8179k
Native frames: (J=compiled Java code, j=interpreted, Vv=VM code, C=native code)
V  [libjvm.dylib+0x487710]  SR_handler(int, __siginfo*, __darwin_ucontext*)+0x2e
C  [libsystem_platform.dylib+0x442d]  _sigtramp+0x1d
C  0x00007fffe3c39d6c
C  [CoreFoundation+0x84d0b]  __CFRunLoopServiceMachPort+0x142
C  [CoreFoundation+0x838e7]  __CFRunLoopRun+0x69f
C  [CoreFoundation+0x82bd3]  CFRunLoopRunSpecific+0x1f3
C  [java+0x6465]  CreateExecutionEnvironment+0x367
C  [java+0x218c]  JLI_Launch+0x7a0
C  [java+0x84c2]  main+0x65
C  [java+0x19e4]  start+0x34


---------------  P R O C E S S  ---------------

VM state:not at safepoint (normal execution)

VM Mutex/Monitor currently owned by a thread: None

Heap:
 PSYoungGen      total 76288K, used 20814K [0x000000076ab00000, 0x0000000770000000, 0x00000007c0000000)
  eden space 65536K, 15% used [0x000000076ab00000,0x000000076b4d5700,0x000000076eb00000)
  from space 10752K, 99% used [0x000000076eb00000,0x000000076f57e370,0x000000076f580000)
  to   space 10752K, 0% used [0x000000076f580000,0x000000076f580000,0x0000000770000000)
 ParOldGen       total 175104K, used 1793K [0x00000006c0000000, 0x00000006cab00000, 0x000000076ab00000)
  object space 175104K, 1% used [0x00000006c0000000,0x00000006c01c06d0,0x00000006cab00000)
 Metaspace       used 12534K, capacity 12678K, committed 13056K, reserved 1060864K
  class space    used 1417K, capacity 1481K, committed 1536K, reserved 1048576K

Card table byte_map: [0x000000010c162000,0x000000010c963000] byte_map_base: 0x0000000108b62000

Marking Bits: (ParMarkBitMap*) 0x000000010b6f0d30
 Begin Bits: [0x000000010ceb9000, 0x0000000110eb9000)
 End Bits:   [0x0000000110eb9000, 0x0000000114eb9000)

Polling page: 0x000000010a45a000

CodeCache: size=245760Kb used=5668Kb max_used=5686Kb free=240091Kb
 bounds [0x0000000116e3a000, 0x00000001173da000, 0x0000000125e3a000]
 total_blobs=1646 nmethods=1344 adapters=216
 compilation: enabled

Compilation events (10 events):
Event: 3,288 Thread 0x00007fec50018800 1451       2       java.lang.Math::max (11 bytes)
Event: 3,288 Thread 0x00007fec50018800 nmethod 1451 0x00000001173bc550 code [0x00000001173bc6a0, 0x00000001173bc7d0]
Event: 3,288 Thread 0x00007fec50018800 1450       2       java.lang.invoke.MethodType::parameterCount (6 bytes)
Event: 3,289 Thread 0x00007fec50018800 nmethod 1450 0x00000001173bc210 code [0x00000001173bc360, 0x00000001173bc4b0]
Event: 3,318 Thread 0x00007fec50018800 1452       2       java.util.Arrays::equals (78 bytes)
Event: 3,320 Thread 0x00007fec50018800 nmethod 1452 0x00000001173c3dd0 code [0x00000001173c3f40, 0x00000001173c41e8]
Event: 3,320 Thread 0x00007fec50018800 1453       2       java.lang.invoke.MemberName::getName (25 bytes)
Event: 3,320 Thread 0x00007fec50018800 nmethod 1453 0x00000001173c39d0 code [0x00000001173c3b40, 0x00000001173c3d28]
Event: 3,344 Thread 0x00007fec50018800 1455 %     3       java.lang.String::replace @ 78 (127 bytes)
Event: 3,345 Thread 0x00007fec50018800 nmethod 1455% 0x00000001173c2c90 code [0x00000001173c2e60, 0x00000001173c3590]

GC Heap History (2 events):
Event: 3,119 GC heap before
{Heap before GC invocations=1 (full 0):
 PSYoungGen      total 76288K, used 65536K [0x000000076ab00000, 0x0000000770000000, 0x00000007c0000000)
  eden space 65536K, 100% used [0x000000076ab00000,0x000000076eb00000,0x000000076eb00000)
  from space 10752K, 0% used [0x000000076f580000,0x000000076f580000,0x0000000770000000)
  to   space 10752K, 0% used [0x000000076eb00000,0x000000076eb00000,0x000000076f580000)
 ParOldGen       total 175104K, used 0K [0x00000006c0000000, 0x00000006cab00000, 0x000000076ab00000)
  object space 175104K, 0% used [0x00000006c0000000,0x00000006c0000000,0x00000006cab00000)
 Metaspace       used 11959K, capacity 12124K, committed 12416K, reserved 1060864K
  class space    used 1302K, capacity 1380K, committed 1408K, reserved 1048576K
Event: 3,140 GC heap after
Heap after GC invocations=1 (full 0):
 PSYoungGen      total 76288K, used 10744K [0x000000076ab00000, 0x0000000770000000, 0x00000007c0000000)
  eden space 65536K, 0% used [0x000000076ab00000,0x000000076ab00000,0x000000076eb00000)
  from space 10752K, 99% used [0x000000076eb00000,0x000000076f57e370,0x000000076f580000)
  to   space 10752K, 0% used [0x000000076f580000,0x000000076f580000,0x0000000770000000)
 ParOldGen       total 175104K, used 1793K [0x00000006c0000000, 0x00000006cab00000, 0x000000076ab00000)
  object space 175104K, 1% used [0x00000006c0000000,0x00000006c01c06d0,0x00000006cab00000)
 Metaspace       used 11959K, capacity 12124K, committed 12416K, reserved 1060864K
  class space    used 1302K, capacity 1380K, committed 1408K, reserved 1048576K
}

Deoptimization events (10 events):
Event: 2,064 Thread 0x00007fec51197800 Uncommon trap: reason=unstable_if action=reinterpret pc=0x00000001171c2b0c method=com.google.javascript.jscomp.parsing.JsDocTokenStream.isAlpha(I)Z @ 9
Event: 2,313 Thread 0x00007fec51197800 Uncommon trap: reason=unstable_if action=reinterpret pc=0x00000001172801e4 method=com.google.javascript.jscomp.parsing.JsDocInfoParser.skipEOLs()V @ 22
Event: 2,905 Thread 0x00007fec51197800 Uncommon trap: reason=unstable_if action=reinterpret pc=0x00000001173881c0 method=com.google.javascript.jscomp.parsing.JsDocTokenStream.getChar()I @ 170
Event: 2,905 Thread 0x00007fec51197800 Uncommon trap: reason=unstable_if action=reinterpret pc=0x000000011722d0c8 method=java.lang.CharacterData.of(I)Ljava/lang/CharacterData; @ 4
Event: 2,924 Thread 0x00007fec51197800 Uncommon trap: reason=unstable_if action=reinterpret pc=0x0000000117191c48 method=com.google.javascript.rhino.TokenUtil.isJSSpace(I)Z @ 3
Event: 3,081 Thread 0x00007fec51197800 Uncommon trap: reason=unstable_if action=reinterpret pc=0x0000000117391fe4 method=com.google.javascript.rhino.Node.isReturn()Z @ 7
Event: 3,086 Thread 0x00007fec51197800 Uncommon trap: reason=unstable_if action=reinterpret pc=0x000000011718f630 method=com.google.javascript.jscomp.parsing.JsDocTokenStream.getChar()I @ 170
Event: 3,086 Thread 0x00007fec51197800 Uncommon trap: reason=unstable_if action=reinterpret pc=0x000000011718b4a8 method=com.google.javascript.rhino.TokenUtil.isJSSpace(I)Z @ 3
Event: 3,208 Thread 0x00007fec51197800 Uncommon trap: reason=unstable_if action=reinterpret pc=0x000000011737fd78 method=com.google.javascript.jscomp.parsing.JsDocTokenStream.isAlpha(I)Z @ 27
Event: 3,240 Thread 0x00007fec51197800 Uncommon trap: reason=unstable_if action=reinterpret pc=0x0000000117059afc method=java.lang.String.replace(CC)Ljava/lang/String; @ 26

Internal exceptions (10 events):
Event: 0,297 Thread 0x00007fec51801000 Exception <a 'java/lang/ArrayIndexOutOfBoundsException': 18> (0x000000076ae70058) thrown at [/Users/java_re/workspace/8-2-build-macosx-x86_64/jdk8u121/8372/hotspot/src/share/vm/interpreter/interpreterRuntime.cpp, line 366]
Event: 0,297 Thread 0x00007fec51801000 Exception <a 'java/lang/ArrayIndexOutOfBoundsException': 55> (0x000000076ae70dc8) thrown at [/Users/java_re/workspace/8-2-build-macosx-x86_64/jdk8u121/8372/hotspot/src/share/vm/interpreter/interpreterRuntime.cpp, line 366]
Event: 0,298 Thread 0x00007fec51801000 Exception <a 'java/lang/ArrayIndexOutOfBoundsException': 40> (0x000000076ae71cb0) thrown at [/Users/java_re/workspace/8-2-build-macosx-x86_64/jdk8u121/8372/hotspot/src/share/vm/interpreter/interpreterRuntime.cpp, line 366]
Event: 0,611 Thread 0x00007fec51801000 Exception <a 'java/lang/ArrayIndexOutOfBoundsException'> (0x000000076b29f628) thrown at [/Users/java_re/workspace/8-2-build-macosx-x86_64/jdk8u121/8372/hotspot/src/share/vm/runtime/sharedRuntime.cpp, line 605]
Event: 0,711 Thread 0x00007fec51801000 Exception <a 'java/security/PrivilegedActionException'> (0x000000076b6de220) thrown at [/Users/java_re/workspace/8-2-build-macosx-x86_64/jdk8u121/8372/hotspot/src/share/vm/prims/jvm.cpp, line 1390]
Event: 0,711 Thread 0x00007fec51801000 Exception <a 'java/security/PrivilegedActionException'> (0x000000076b6de430) thrown at [/Users/java_re/workspace/8-2-build-macosx-x86_64/jdk8u121/8372/hotspot/src/share/vm/prims/jvm.cpp, line 1390]
Event: 0,711 Thread 0x00007fec51801000 Exception <a 'java/security/PrivilegedActionException'> (0x000000076b6e1948) thrown at [/Users/java_re/workspace/8-2-build-macosx-x86_64/jdk8u121/8372/hotspot/src/share/vm/prims/jvm.cpp, line 1390]
Event: 0,711 Thread 0x00007fec51801000 Exception <a 'java/security/PrivilegedActionException'> (0x000000076b6e1b58) thrown at [/Users/java_re/workspace/8-2-build-macosx-x86_64/jdk8u121/8372/hotspot/src/share/vm/prims/jvm.cpp, line 1390]
Event: 1,002 Thread 0x00007fec51801000 Exception <a 'java/lang/NoSuchFieldError': method resolution failed> (0x000000076ba07a38) thrown at [/Users/java_re/workspace/8-2-build-macosx-x86_64/jdk8u121/8372/hotspot/src/share/vm/prims/methodHandles.cpp, line 1146]
Event: 1,018 Thread 0x00007fec51801000 Exception <a 'java/lang/NoSuchFieldError': method resolution failed> (0x000000076ba14f40) thrown at [/Users/java_re/workspace/8-2-build-macosx-x86_64/jdk8u121/8372/hotspot/src/share/vm/prims/methodHandles.cpp, line 1146]

Events (10 events):
Event: 3,352 loading class com/google/javascript/jscomp/DefaultPassConfig$101
Event: 3,352 loading class com/google/javascript/jscomp/DefaultPassConfig$101 done
Event: 3,352 loading class com/google/javascript/jscomp/DefaultPassConfig$102
Event: 3,352 loading class com/google/javascript/jscomp/DefaultPassConfig$102 done
Event: 3,353 loading class com/google/javascript/jscomp/DefaultPassConfig$103
Event: 3,353 loading class com/google/javascript/jscomp/DefaultPassConfig$103 done
Event: 3,353 loading class com/google/javascript/jscomp/DefaultPassConfig$104
Event: 3,353 loading class com/google/javascript/jscomp/DefaultPassConfig$104 done
Event: 3,353 loading class com/google/javascript/jscomp/DefaultPassConfig$105
Event: 3,353 loading class com/google/javascript/jscomp/DefaultPassConfig$105 done


Dynamic libraries:
0x000000000d4ef000 	/System/Library/Frameworks/Cocoa.framework/Versions/A/Cocoa
0x000000000d4ef000 	/System/Library/Frameworks/Security.framework/Versions/A/Security
0x000000000d4ef000 	/System/Library/Frameworks/ApplicationServices.framework/Versions/A/ApplicationServices
0x000000000d4ef000 	/usr/lib/libz.1.dylib
0x000000000d4ef000 	/usr/lib/libSystem.B.dylib
0x000000000d4ef000 	/usr/lib/libobjc.A.dylib
0x000000000d4ef000 	/System/Library/Frameworks/CoreFoundation.framework/Versions/A/CoreFoundation
0x000000000d4ef000 	/System/Library/Frameworks/Foundation.framework/Versions/C/Foundation
0x000000000d4ef000 	/System/Library/Frameworks/AppKit.framework/Versions/C/AppKit
0x000000000d4ef000 	/System/Library/Frameworks/CoreData.framework/Versions/A/CoreData
0x000000000d4ef000 	/System/Library/PrivateFrameworks/UIFoundation.framework/Versions/A/UIFoundation
0x000000000d4ef000 	/System/Library/PrivateFrameworks/RemoteViewServices.framework/Versions/A/RemoteViewServices
0x000000000d4ef000 	/System/Library/PrivateFrameworks/XCTTargetBootstrap.framework/Versions/A/XCTTargetBootstrap
0x000000000d4ef000 	/System/Library/Frameworks/CoreDisplay.framework/Versions/A/CoreDisplay
0x000000000d4ef000 	/System/Library/Frameworks/Metal.framework/Versions/A/Metal
0x000000000d4ef000 	/System/Library/PrivateFrameworks/DesktopServicesPriv.framework/Versions/A/DesktopServicesPriv
0x000000000d4ef000 	/usr/lib/liblangid.dylib
0x000000000d4ef000 	/System/Library/PrivateFrameworks/CoreSVG.framework/Versions/A/CoreSVG
0x000000000d4ef000 	/System/Library/PrivateFrameworks/SkyLight.framework/Versions/A/SkyLight
0x000000000d4ef000 	/System/Library/Frameworks/CoreGraphics.framework/Versions/A/CoreGraphics
0x000000000d4ef000 	/System/Library/Frameworks/Accelerate.framework/Versions/A/Accelerate
0x000000000d4ef000 	/usr/lib/libxml2.2.dylib
0x000000000d4ef000 	/System/Library/PrivateFrameworks/IconServices.framework/Versions/A/IconServices
0x000000000d4ef000 	/System/Library/Frameworks/IOSurface.framework/Versions/A/IOSurface
0x000000000d4ef000 	/usr/lib/libDiagnosticMessagesClient.dylib
0x000000000d4ef000 	/System/Library/PrivateFrameworks/DFRFoundation.framework/Versions/A/DFRFoundation
0x000000000d4ef000 	/usr/lib/libicucore.A.dylib
0x000000000d4ef000 	/System/Library/Frameworks/AudioToolbox.framework/Versions/A/AudioToolbox
0x000000000d4ef000 	/System/Library/Frameworks/AudioUnit.framework/Versions/A/AudioUnit
0x000000000d4ef000 	/usr/lib/libauto.dylib
0x000000000d4ef000 	/System/Library/PrivateFrameworks/DataDetectorsCore.framework/Versions/A/DataDetectorsCore
0x000000000d4ef000 	/System/Library/Frameworks/Carbon.framework/Versions/A/Frameworks/HIToolbox.framework/Versions/A/HIToolbox
0x000000000d4ef000 	/System/Library/Frameworks/QuartzCore.framework/Versions/A/QuartzCore
0x000000000d4ef000 	/System/Library/Frameworks/Carbon.framework/Versions/A/Frameworks/SpeechRecognition.framework/Versions/A/SpeechRecognition
0x000000000d4ef000 	/System/Library/PrivateFrameworks/CoreUI.framework/Versions/A/CoreUI
0x000000000d4ef000 	/System/Library/Frameworks/CoreAudio.framework/Versions/A/CoreAudio
0x000000000d4ef000 	/System/Library/Frameworks/DiskArbitration.framework/Versions/A/DiskArbitration
0x000000000d4ef000 	/System/Library/PrivateFrameworks/MultitouchSupport.framework/Versions/A/MultitouchSupport
0x000000000d4ef000 	/usr/lib/libenergytrace.dylib
0x000000000d4ef000 	/System/Library/Frameworks/IOKit.framework/Versions/A/IOKit
0x000000000d4ef000 	/System/Library/Frameworks/CoreServices.framework/Versions/A/CoreServices
0x000000000d4ef000 	/System/Library/PrivateFrameworks/PerformanceAnalysis.framework/Versions/A/PerformanceAnalysis
0x000000000d4ef000 	/System/Library/Frameworks/OpenGL.framework/Versions/A/OpenGL
0x000000000d4ef000 	/System/Library/Frameworks/ColorSync.framework/Versions/A/ColorSync
0x000000000d4ef000 	/System/Library/Frameworks/CoreImage.framework/Versions/A/CoreImage
0x000000000d4ef000 	/System/Library/Frameworks/CoreText.framework/Versions/A/CoreText
0x000000000d4ef000 	/System/Library/Frameworks/ImageIO.framework/Versions/A/ImageIO
0x000000000d4ef000 	/usr/lib/libc++.1.dylib
0x000000000d4ef000 	/usr/lib/libcompression.dylib
0x000000000d4ef000 	/usr/lib/libMobileGestalt.dylib
0x000000000d4ef000 	/System/Library/PrivateFrameworks/TextureIO.framework/Versions/A/TextureIO
0x000000000d4ef000 	/usr/lib/libate.dylib
0x000000000d4ef000 	/System/Library/PrivateFrameworks/InternationalSupport.framework/Versions/A/InternationalSupport
0x000000000d4ef000 	/usr/lib/system/libcache.dylib
0x000000000d4ef000 	/usr/lib/system/libcommonCrypto.dylib
0x000000000d4ef000 	/usr/lib/system/libcompiler_rt.dylib
0x000000000d4ef000 	/usr/lib/system/libcopyfile.dylib
0x000000000d4ef000 	/usr/lib/system/libcorecrypto.dylib
0x000000000d4ef000 	/usr/lib/system/libdispatch.dylib
0x000000000d4ef000 	/usr/lib/system/libdyld.dylib
0x000000000d4ef000 	/usr/lib/system/libkeymgr.dylib
0x000000000d4ef000 	/usr/lib/system/liblaunch.dylib
0x000000000d4ef000 	/usr/lib/system/libmacho.dylib
0x000000000d4ef000 	/usr/lib/system/libquarantine.dylib
0x000000000d4ef000 	/usr/lib/system/libremovefile.dylib
0x000000000d4ef000 	/usr/lib/system/libsystem_asl.dylib
0x000000000d4ef000 	/usr/lib/system/libsystem_blocks.dylib
0x000000000d4ef000 	/usr/lib/system/libsystem_c.dylib
0x000000000d4ef000 	/usr/lib/system/libsystem_configuration.dylib
0x000000000d4ef000 	/usr/lib/system/libsystem_coreservices.dylib
0x000000000d4ef000 	/usr/lib/system/libsystem_darwin.dylib
0x000000000d4ef000 	/usr/lib/system/libsystem_dnssd.dylib
0x000000000d4ef000 	/usr/lib/system/libsystem_featureflags.dylib
0x000000000d4ef000 	/usr/lib/system/libsystem_info.dylib
0x000000000d4ef000 	/usr/lib/system/libsystem_m.dylib
0x000000000d4ef000 	/usr/lib/system/libsystem_malloc.dylib
0x000000000d4ef000 	/usr/lib/system/libsystem_networkextension.dylib
0x000000000d4ef000 	/usr/lib/system/libsystem_notify.dylib
0x000000000d4ef000 	/usr/lib/system/libsystem_sandbox.dylib
0x000000000d4ef000 	/usr/lib/system/libsystem_secinit.dylib
0x000000000d4ef000 	/usr/lib/system/libsystem_kernel.dylib
0x000000000d4ef000 	/usr/lib/system/libsystem_platform.dylib
0x000000000d4ef000 	/usr/lib/system/libsystem_pthread.dylib
0x000000000d4ef000 	/usr/lib/system/libsystem_symptoms.dylib
0x000000000d4ef000 	/usr/lib/system/libsystem_trace.dylib
0x000000000d4ef000 	/usr/lib/system/libunwind.dylib
0x000000000d4ef000 	/usr/lib/system/libxpc.dylib
0x000000000d4ef000 	/usr/lib/libc++abi.dylib
0x000000000d4ef000 	/usr/lib/liblzma.5.dylib
0x000000000d4ef000 	/usr/lib/libfakelink.dylib
0x000000000d4ef000 	/usr/lib/libarchive.2.dylib
0x000000000d4ef000 	/System/Library/Frameworks/SystemConfiguration.framework/Versions/A/SystemConfiguration
0x000000000d4ef000 	/usr/lib/libCRFSuite.dylib
0x000000000d4ef000 	/System/Library/Frameworks/CFNetwork.framework/Versions/A/CFNetwork
0x000000000d4ef000 	/usr/lib/libbsm.0.dylib
0x000000000d4ef000 	/usr/lib/system/libkxld.dylib
0x000000000d4ef000 	/System/Library/PrivateFrameworks/AppleFSCompression.framework/Versions/A/AppleFSCompression
0x000000000d4ef000 	/usr/lib/libcoretls.dylib
0x000000000d4ef000 	/usr/lib/libcoretls_cfhelpers.dylib
0x000000000d4ef000 	/usr/lib/libpam.2.dylib
0x000000000d4ef000 	/usr/lib/libsqlite3.dylib
0x000000000d4ef000 	/usr/lib/libxar.1.dylib
0x000000000d4ef000 	/usr/lib/libbz2.1.0.dylib
0x000000000d4ef000 	/usr/lib/libiconv.2.dylib
0x000000000d4ef000 	/usr/lib/libcharset.1.dylib
0x000000000d4ef000 	/usr/lib/libnetwork.dylib
0x000000000d4ef000 	/usr/lib/libpcap.A.dylib
0x000000000d4ef000 	/usr/lib/libapple_nghttp2.dylib
0x000000000d4ef000 	/System/Library/Frameworks/CoreServices.framework/Versions/A/Frameworks/FSEvents.framework/Versions/A/FSEvents
0x000000000d4ef000 	/System/Library/Frameworks/CoreServices.framework/Versions/A/Frameworks/CarbonCore.framework/Versions/A/CarbonCore
0x000000000d4ef000 	/System/Library/Frameworks/CoreServices.framework/Versions/A/Frameworks/Metadata.framework/Versions/A/Metadata
0x000000000d4ef000 	/System/Library/Frameworks/CoreServices.framework/Versions/A/Frameworks/OSServices.framework/Versions/A/OSServices
0x000000000d4ef000 	/System/Library/Frameworks/CoreServices.framework/Versions/A/Frameworks/SearchKit.framework/Versions/A/SearchKit
0x000000000d4ef000 	/System/Library/Frameworks/CoreServices.framework/Versions/A/Frameworks/AE.framework/Versions/A/AE
0x000000000d4ef000 	/System/Library/Frameworks/CoreServices.framework/Versions/A/Frameworks/LaunchServices.framework/Versions/A/LaunchServices
0x000000000d4ef000 	/System/Library/Frameworks/CoreServices.framework/Versions/A/Frameworks/DictionaryServices.framework/Versions/A/DictionaryServices
0x000000000d4ef000 	/System/Library/Frameworks/CoreServices.framework/Versions/A/Frameworks/SharedFileList.framework/Versions/A/SharedFileList
0x000000000d4ef000 	/System/Library/Frameworks/NetFS.framework/Versions/A/NetFS
0x000000000d4ef000 	/System/Library/PrivateFrameworks/NetAuth.framework/Versions/A/NetAuth
0x000000000d4ef000 	/System/Library/PrivateFrameworks/login.framework/Versions/A/Frameworks/loginsupport.framework/Versions/A/loginsupport
0x000000000d4ef000 	/System/Library/PrivateFrameworks/TCC.framework/Versions/A/TCC
0x000000000d4ef000 	/System/Library/PrivateFrameworks/CoreNLP.framework/Versions/A/CoreNLP
0x000000000d4ef000 	/System/Library/PrivateFrameworks/MetadataUtilities.framework/Versions/A/MetadataUtilities
0x000000000d4ef000 	/usr/lib/libmecabra.dylib
0x000000000d4ef000 	/usr/lib/libmecab.dylib
0x000000000d4ef000 	/usr/lib/libgermantok.dylib
0x000000000d4ef000 	/usr/lib/libThaiTokenizer.dylib
0x000000000d4ef000 	/usr/lib/libChineseTokenizer.dylib
0x000000000d4ef000 	/System/Library/Frameworks/Accelerate.framework/Versions/A/Frameworks/vImage.framework/Versions/A/vImage
0x000000000d4ef000 	/System/Library/Frameworks/Accelerate.framework/Versions/A/Frameworks/vecLib.framework/Versions/A/vecLib
0x000000000d4ef000 	/System/Library/Frameworks/Accelerate.framework/Versions/A/Frameworks/vecLib.framework/Versions/A/libvMisc.dylib
0x000000000d4ef000 	/System/Library/Frameworks/Accelerate.framework/Versions/A/Frameworks/vecLib.framework/Versions/A/libvDSP.dylib
0x000000000d4ef000 	/System/Library/Frameworks/Accelerate.framework/Versions/A/Frameworks/vecLib.framework/Versions/A/libBLAS.dylib
0x000000000d4ef000 	/System/Library/Frameworks/Accelerate.framework/Versions/A/Frameworks/vecLib.framework/Versions/A/libLAPACK.dylib
0x000000000d4ef000 	/System/Library/Frameworks/Accelerate.framework/Versions/A/Frameworks/vecLib.framework/Versions/A/libLinearAlgebra.dylib
0x000000000d4ef000 	/System/Library/Frameworks/Accelerate.framework/Versions/A/Frameworks/vecLib.framework/Versions/A/libSparseBLAS.dylib
0x000000000d4ef000 	/System/Library/Frameworks/Accelerate.framework/Versions/A/Frameworks/vecLib.framework/Versions/A/libQuadrature.dylib
0x000000000d4ef000 	/System/Library/Frameworks/Accelerate.framework/Versions/A/Frameworks/vecLib.framework/Versions/A/libBNNS.dylib
0x000000000d4ef000 	/System/Library/Frameworks/Accelerate.framework/Versions/A/Frameworks/vecLib.framework/Versions/A/libSparse.dylib
0x000000000d4ef000 	/System/Library/PrivateFrameworks/LanguageModeling.framework/Versions/A/LanguageModeling
0x000000000d4ef000 	/System/Library/PrivateFrameworks/CoreEmoji.framework/Versions/A/CoreEmoji
0x000000000d4ef000 	/System/Library/PrivateFrameworks/LinguisticData.framework/Versions/A/LinguisticData
0x000000000d4ef000 	/System/Library/PrivateFrameworks/Lexicon.framework/Versions/A/Lexicon
0x000000000d4ef000 	/usr/lib/libcmph.dylib
0x000000000d4ef000 	/System/Library/Frameworks/OpenDirectory.framework/Versions/A/Frameworks/CFOpenDirectory.framework/Versions/A/CFOpenDirectory
0x000000000d4ef000 	/System/Library/Frameworks/OpenDirectory.framework/Versions/A/OpenDirectory
0x000000000d4ef000 	/System/Library/PrivateFrameworks/APFS.framework/Versions/A/APFS
0x000000000d4ef000 	/System/Library/Frameworks/SecurityFoundation.framework/Versions/A/SecurityFoundation
0x000000000d4ef000 	/usr/lib/libutil.dylib
0x000000000d4ef000 	/System/Library/PrivateFrameworks/CoreServicesStore.framework/Versions/A/CoreServicesStore
0x000000000d4ef000 	/System/Library/Frameworks/ServiceManagement.framework/Versions/A/ServiceManagement
0x000000000d4ef000 	/System/Library/PrivateFrameworks/BackgroundTaskManagement.framework/Versions/A/BackgroundTaskManagement
0x000000000d4ef000 	/usr/lib/libxslt.1.dylib
0x000000000d4ef000 	/System/Library/PrivateFrameworks/AppleSystemInfo.framework/Versions/A/AppleSystemInfo
0x000000000d4ef000 	/System/Library/Frameworks/ImageIO.framework/Versions/A/Resources/libJPEG.dylib
0x000000000d4ef000 	/System/Library/Frameworks/ImageIO.framework/Versions/A/Resources/libTIFF.dylib
0x000000000d4ef000 	/System/Library/Frameworks/ImageIO.framework/Versions/A/Resources/libPng.dylib
0x000000000d4ef000 	/System/Library/Frameworks/ImageIO.framework/Versions/A/Resources/libGIF.dylib
0x000000000d4ef000 	/System/Library/Frameworks/ImageIO.framework/Versions/A/Resources/libJP2.dylib
0x000000000d4ef000 	/System/Library/Frameworks/ImageIO.framework/Versions/A/Resources/libRadiance.dylib
0x000000000d4ef000 	/usr/lib/libexpat.1.dylib
0x000000000d4ef000 	/System/Library/PrivateFrameworks/AppleJPEG.framework/Versions/A/AppleJPEG
0x000000000d4ef000 	/System/Library/PrivateFrameworks/FontServices.framework/libFontParser.dylib
0x000000000d4ef000 	/System/Library/PrivateFrameworks/WatchdogClient.framework/Versions/A/WatchdogClient
0x000000000d4ef000 	/System/Library/PrivateFrameworks/IOAccelerator.framework/Versions/A/IOAccelerator
0x000000000d4ef000 	/System/Library/Frameworks/MetalPerformanceShaders.framework/Versions/A/MetalPerformanceShaders
0x000000000d4ef000 	/System/Library/PrivateFrameworks/GPUWrangler.framework/Versions/A/GPUWrangler
0x000000000d4ef000 	/System/Library/PrivateFrameworks/IOPresentment.framework/Versions/A/IOPresentment
0x000000000d4ef000 	/System/Library/PrivateFrameworks/DSExternalDisplay.framework/Versions/A/DSExternalDisplay
0x000000000d4ef000 	/System/Library/Frameworks/OpenGL.framework/Versions/A/Libraries/libCoreFSCache.dylib
0x000000000d4ef000 	/System/Library/Frameworks/MetalPerformanceShaders.framework/Frameworks/MPSCore.framework/Versions/A/MPSCore
0x000000000d4ef000 	/System/Library/Frameworks/MetalPerformanceShaders.framework/Frameworks/MPSImage.framework/Versions/A/MPSImage
0x000000000d4ef000 	/System/Library/Frameworks/MetalPerformanceShaders.framework/Frameworks/MPSNeuralNetwork.framework/Versions/A/MPSNeuralNetwork
0x000000000d4ef000 	/System/Library/Frameworks/MetalPerformanceShaders.framework/Frameworks/MPSMatrix.framework/Versions/A/MPSMatrix
0x000000000d4ef000 	/System/Library/Frameworks/MetalPerformanceShaders.framework/Frameworks/MPSRayIntersector.framework/Versions/A/MPSRayIntersector
0x000000000d4ef000 	/System/Library/Frameworks/MetalPerformanceShaders.framework/Frameworks/MPSNDArray.framework/Versions/A/MPSNDArray
0x000000000d4ef000 	/System/Library/PrivateFrameworks/MetalTools.framework/Versions/A/MetalTools
0x000000000d4ef000 	/System/Library/PrivateFrameworks/AggregateDictionary.framework/Versions/A/AggregateDictionary
0x000000000d4ef000 	/System/Library/PrivateFrameworks/CoreAnalytics.framework/Versions/A/CoreAnalytics
0x000000000d4ef000 	/System/Library/PrivateFrameworks/AppleSauce.framework/Versions/A/AppleSauce
0x000000000d4ef000 	/usr/lib/libIOReport.dylib
0x000000000d4ef000 	/System/Library/Frameworks/CoreVideo.framework/Versions/A/CoreVideo
0x000000000d4ef000 	/System/Library/PrivateFrameworks/GraphVisualizer.framework/Versions/A/GraphVisualizer
0x000000000d4ef000 	/System/Library/PrivateFrameworks/FaceCore.framework/Versions/A/FaceCore
0x000000000d4ef000 	/System/Library/Frameworks/OpenCL.framework/Versions/A/OpenCL
0x000000000d4ef000 	/usr/lib/libFosl_dynamic.dylib
0x000000000d4ef000 	/System/Library/PrivateFrameworks/OTSVG.framework/Versions/A/OTSVG
0x000000000d4ef000 	/System/Library/Frameworks/ApplicationServices.framework/Versions/A/Frameworks/ATS.framework/Versions/A/Resources/libFontRegistry.dylib
0x000000000d4ef000 	/System/Library/PrivateFrameworks/FontServices.framework/libhvf.dylib
0x000000000d4ef000 	/System/Library/Frameworks/OpenGL.framework/Versions/A/Libraries/libGFXShared.dylib
0x000000000d4ef000 	/System/Library/Frameworks/OpenGL.framework/Versions/A/Libraries/libGLU.dylib
0x000000000d4ef000 	/System/Library/Frameworks/OpenGL.framework/Versions/A/Libraries/libGL.dylib
0x000000000d4ef000 	/System/Library/Frameworks/OpenGL.framework/Versions/A/Libraries/libGLImage.dylib
0x000000000d4ef000 	/System/Library/Frameworks/OpenGL.framework/Versions/A/Libraries/libCVMSPluginSupport.dylib
0x000000000d4ef000 	/System/Library/Frameworks/OpenGL.framework/Versions/A/Libraries/libCoreVMClient.dylib
0x000000000d4ef000 	/usr/lib/libncurses.5.4.dylib
0x000000000d4ef000 	/System/Library/Frameworks/ApplicationServices.framework/Versions/A/Frameworks/ATS.framework/Versions/A/ATS
0x000000000d4ef000 	/System/Library/Frameworks/ApplicationServices.framework/Versions/A/Frameworks/ColorSyncLegacy.framework/Versions/A/ColorSyncLegacy
0x000000000d4ef000 	/System/Library/Frameworks/ApplicationServices.framework/Versions/A/Frameworks/HIServices.framework/Versions/A/HIServices
0x000000000d4ef000 	/System/Library/Frameworks/ApplicationServices.framework/Versions/A/Frameworks/LangAnalysis.framework/Versions/A/LangAnalysis
0x000000000d4ef000 	/System/Library/Frameworks/ApplicationServices.framework/Versions/A/Frameworks/PrintCore.framework/Versions/A/PrintCore
0x000000000d4ef000 	/System/Library/Frameworks/ApplicationServices.framework/Versions/A/Frameworks/QD.framework/Versions/A/QD
0x000000000d4ef000 	/System/Library/Frameworks/ApplicationServices.framework/Versions/A/Frameworks/SpeechSynthesis.framework/Versions/A/SpeechSynthesis
0x000000000d4ef000 	/System/Library/Frameworks/ApplicationServices.framework/Versions/A/Frameworks/ATSUI.framework/Versions/A/ATSUI
0x000000000d4ef000 	/usr/lib/libcups.2.dylib
0x000000000d4ef000 	/System/Library/Frameworks/Kerberos.framework/Versions/A/Kerberos
0x000000000d4ef000 	/System/Library/Frameworks/GSS.framework/Versions/A/GSS
0x000000000d4ef000 	/usr/lib/libresolv.9.dylib
0x000000000d4ef000 	/System/Library/PrivateFrameworks/Heimdal.framework/Versions/A/Heimdal
0x000000000d4ef000 	/System/Library/Frameworks/Kerberos.framework/Versions/A/Libraries/libHeimdalProxy.dylib
0x000000000d4ef000 	/usr/lib/libheimdal-asn1.dylib
0x000000000d4ef000 	/System/Library/PrivateFrameworks/CommonAuth.framework/Versions/A/CommonAuth
0x000000000d4ef000 	/System/Library/PrivateFrameworks/AssertionServices.framework/Versions/A/AssertionServices
0x000000000d4ef000 	/System/Library/PrivateFrameworks/AudioToolboxCore.framework/Versions/A/AudioToolboxCore
0x000000000d4ef000 	/System/Library/PrivateFrameworks/caulk.framework/Versions/A/caulk
0x000000000d4ef000 	/System/Library/PrivateFrameworks/BaseBoard.framework/Versions/A/BaseBoard
0x000000000d4ef000 	/System/Library/PrivateFrameworks/RunningBoardServices.framework/Versions/A/RunningBoardServices
0x000000000d4ef000 	/System/Library/PrivateFrameworks/PersistentConnection.framework/Versions/A/PersistentConnection
0x000000000d4ef000 	/System/Library/PrivateFrameworks/ProtocolBuffer.framework/Versions/A/ProtocolBuffer
0x000000000d4ef000 	/System/Library/PrivateFrameworks/CommonUtilities.framework/Versions/A/CommonUtilities
0x000000000d4ef000 	/System/Library/PrivateFrameworks/Bom.framework/Versions/A/Bom
0x000000000d4ef000 	/usr/lib/libAudioToolboxUtility.dylib
0x000000000d4ef000 	/System/Library/PrivateFrameworks/Backup.framework/Versions/A/Backup
0x000000000d4ef000 	/System/Library/PrivateFrameworks/CrashReporterSupport.framework/Versions/A/CrashReporterSupport
0x000000000d4ef000 	/System/Library/PrivateFrameworks/Sharing.framework/Versions/A/Sharing
0x000000000d4ef000 	/System/Library/PrivateFrameworks/Apple80211.framework/Versions/A/Apple80211
0x000000000d4ef000 	/System/Library/PrivateFrameworks/AuthKit.framework/Versions/A/AuthKit
0x000000000d4ef000 	/System/Library/PrivateFrameworks/CoreUtils.framework/Versions/A/CoreUtils
0x000000000d4ef000 	/System/Library/Frameworks/CoreWLAN.framework/Versions/A/CoreWLAN
0x000000000d4ef000 	/System/Library/Frameworks/IOBluetooth.framework/Versions/A/IOBluetooth
0x000000000d4ef000 	/System/Library/PrivateFrameworks/MobileKeyBag.framework/Versions/A/MobileKeyBag
0x000000000d4ef000 	/System/Library/PrivateFrameworks/CorePhoneNumbers.framework/Versions/A/CorePhoneNumbers
0x000000000d4ef000 	/System/Library/PrivateFrameworks/AppleIDAuthSupport.framework/Versions/A/AppleIDAuthSupport
0x000000000d4ef000 	/System/Library/Frameworks/Network.framework/Versions/A/Network
0x000000000d4ef000 	/System/Library/PrivateFrameworks/KeychainCircle.framework/Versions/A/KeychainCircle
0x000000000d4ef000 	/System/Library/Frameworks/CoreBluetooth.framework/Versions/A/CoreBluetooth
0x000000000d4ef000 	/System/Library/PrivateFrameworks/SpeechRecognitionCore.framework/Versions/A/SpeechRecognitionCore
0x000000000d4ef000 	/System/Library/CoreServices/Encodings/libCyrillicConverter.dylib
0x000000010ae00000 	/Library/Java/JavaVirtualMachines/jdk1.8.0_121.jdk/Contents/Home/jre/lib/server/libjvm.dylib
0x000000000d4ef000 	/usr/lib/libstdc++.6.dylib
0x000000010a417000 	/Library/Java/JavaVirtualMachines/jdk1.8.0_121.jdk/Contents/Home/jre/lib/libverify.dylib
0x000000010a425000 	/Library/Java/JavaVirtualMachines/jdk1.8.0_121.jdk/Contents/Home/jre/lib/libjava.dylib
0x000000010a4a4000 	/Library/Java/JavaVirtualMachines/jdk1.8.0_121.jdk/Contents/Home/jre/lib/libzip.dylib
0x000000000d4ef000 	/System/Library/Frameworks/JavaVM.framework/Versions/A/Frameworks/JavaRuntimeSupport.framework/Versions/A/JavaRuntimeSupport
0x000000000d4ef000 	/System/Library/Frameworks/JavaVM.framework/Versions/A/Frameworks/JavaNativeFoundation.framework/Versions/A/JavaNativeFoundation
0x000000000d4ef000 	/System/Library/Frameworks/JavaVM.framework/Versions/A/JavaVM
0x000000000d4ef000 	/System/Library/Frameworks/Carbon.framework/Versions/A/Carbon
0x000000000d4ef000 	/System/Library/PrivateFrameworks/CoreSymbolication.framework/Versions/A/CoreSymbolication
0x000000000d4ef000 	/System/Library/PrivateFrameworks/JavaLaunching.framework/Versions/A/JavaLaunching
0x000000000d4ef000 	/System/Library/Frameworks/Carbon.framework/Versions/A/Frameworks/CommonPanels.framework/Versions/A/CommonPanels
0x000000000d4ef000 	/System/Library/Frameworks/Carbon.framework/Versions/A/Frameworks/Help.framework/Versions/A/Help
0x000000000d4ef000 	/System/Library/Frameworks/Carbon.framework/Versions/A/Frameworks/ImageCapture.framework/Versions/A/ImageCapture
0x000000000d4ef000 	/System/Library/Frameworks/Carbon.framework/Versions/A/Frameworks/OpenScripting.framework/Versions/A/OpenScripting
0x000000000d4ef000 	/System/Library/Frameworks/Carbon.framework/Versions/A/Frameworks/Ink.framework/Versions/A/Ink
0x000000000d4ef000 	/System/Library/Frameworks/Carbon.framework/Versions/A/Frameworks/Print.framework/Versions/A/Print
0x000000000d4ef000 	/System/Library/Frameworks/Carbon.framework/Versions/A/Frameworks/SecurityHI.framework/Versions/A/SecurityHI
0x000000000d4ef000 	/System/Library/PrivateFrameworks/DebugSymbols.framework/Versions/A/DebugSymbols

VM Arguments:
java_command: /Users/alex-gusev/work/yandex-pcode/shaka-player/third_party/closure/compiler.jar -O WHITESPACE_ONLY
java_class_path (initial): /Users/alex-gusev/work/yandex-pcode/shaka-player/third_party/closure/compiler.jar
Launcher Type: SUN_STANDARD

Environment Variables:
PATH=/opt/local/bin:/opt/local/sbin:/Users/alex-gusev/.rbenv/shims:/usr/local/bin:/usr/bin:/bin:/usr/sbin:/sbin:/usr/local/go/bin:/Library/Frameworks/Mono.framework/Versions/Current/Commands:/usr/local/munki:/Library/TeX/texbin:.:/Users/alex-gusev/node_modules/.bin:/Users/alex-gusev/bin:/Users/alex-gusev/work/yandex-pcode/shaka-player/node_modules/.bin
SHELL=/usr/local/bin/fish

Signal Handlers:
SIGSEGV: [libjvm.dylib+0x5b1141], sa_mask[0]=11111111011111110111111111111111, sa_flags=SA_ONSTACK|SA_RESTART|SA_SIGINFO
SIGBUS: [libjvm.dylib+0x5b1141], sa_mask[0]=11111111011111110111111111111111, sa_flags=SA_RESTART|SA_SIGINFO
SIGFPE: [libjvm.dylib+0x487bc4], sa_mask[0]=11111111011111110111111111111111, sa_flags=SA_RESTART|SA_SIGINFO
SIGPIPE: [libjvm.dylib+0x487bc4], sa_mask[0]=11111111011111110111111111111111, sa_flags=SA_RESTART|SA_SIGINFO
SIGXFSZ: [libjvm.dylib+0x487bc4], sa_mask[0]=11111111011111110111111111111111, sa_flags=SA_RESTART|SA_SIGINFO
SIGILL: [libjvm.dylib+0x487bc4], sa_mask[0]=11111111011111110111111111111111, sa_flags=SA_RESTART|SA_SIGINFO
SIGUSR1: SIG_DFL, sa_mask[0]=00000000000000000000000000000000, sa_flags=SA_RESTART
SIGUSR2: [libjvm.dylib+0x4876e2], sa_mask[0]=00000000000000000000000000000000, sa_flags=SA_RESTART|SA_SIGINFO
SIGHUP: [libjvm.dylib+0x485cb9], sa_mask[0]=11111111011111110111111111111111, sa_flags=SA_RESTART|SA_SIGINFO
SIGINT: [libjvm.dylib+0x485cb9], sa_mask[0]=11111111011111110111111111111111, sa_flags=SA_RESTART|SA_SIGINFO
SIGTERM: [libjvm.dylib+0x485cb9], sa_mask[0]=11111111011111110111111111111111, sa_flags=SA_RESTART|SA_SIGINFO
SIGQUIT: [libjvm.dylib+0x485cb9], sa_mask[0]=11111111011111110111111111111111, sa_flags=SA_RESTART|SA_SIGINFO


---------------  S Y S T E M  ---------------

OS:Bsduname:Darwin 19.3.0 Darwin Kernel Version 19.3.0: Thu Jan  9 20:58:23 PST 2020; root:xnu-6153.81.5~1/RELEASE_X86_64 x86_64
rlimit: STACK 8192k, CORE 0k, NPROC 2784, NOFILE 10240, AS infinity
load average:6,29 5,77 5,56

CPU:total 4 (2 cores per cpu, 2 threads per core) family 6 model 61 stepping 4, cmov, cx8, fxsr, mmx, sse, sse2, sse3, ssse3, sse4.1, sse4.2, popcnt, avx, avx2, aes, clmul, erms, 3dnowpref, lzcnt, ht, tsc, tscinvbit, bmi1, bmi2, adx

Memory: 4k page, physical 16777216k(1640384k free)

/proc/meminfo:


vm_info: Java HotSpot(TM) 64-Bit Server VM (25.121-b13) for bsd-amd64 JRE (1.8.0_121-b13), built on Dec 12 2016 20:39:32 by "java_re" with gcc 4.2.1 (Based on Apple Inc. build 5658) (LLVM build 2336.11.00)

time: Sun Apr 12 21:26:01 2020
elapsed time: 3 seconds (0d 0h 0m 3s)

