#
# A fatal error has been detected by the Java Runtime Environment:
#
#  SIGSEGV (0xb) at pc=0x000000010ec87710, pid=17968, tid=0x0000000000000307
#
# JRE version: Java(TM) SE Runtime Environment (8.0_121-b13) (build 1.8.0_121-b13)
# Java VM: Java HotSpot(TM) 64-Bit Server VM (25.121-b13 mixed mode bsd-amd64 compressed oops)
# Problematic frame:
# V  [libjvm.dylib+0x487710]  SR_handler(int, __siginfo*, __darwin_ucontext*)+0x2e
#
# Failed to write core dump. Core dumps have been disabled. To enable core dumping, try "ulimit -c unlimited" before starting Java again
#
# If you would like to submit a bug report, please visit:
#   http://bugreport.java.com/bugreport/crash.jsp
#

---------------  T H R E A D  ---------------

Current thread is native thread

siginfo: si_signo: 11 (SIGSEGV), si_code: 1 (SEGV_MAPERR), si_addr: 0x0000000000000128

Registers:
RAX=0x0000000000000000, RBX=0x00007ffee1d6aed0, RCX=0x0000000117be9e6c, RDX=0x00007ffee1d6aed0
RSP=0x00007ffee1d6aa00, RBP=0x00007ffee1d6aa30, RSI=0x00007ffee1d6ae68, RDI=0x000000000000010c
R8 =0x00007ffee1d6aed0, R9 =0x2b584b1f068a5ab0, R10=0x0000000000000c00, R11=0x0000000000000206
R12=0x2b584b1f068a5ab0, R13=0x0000000000000c00, R14=0x00007ffee1d6ae68, R15=0x0000000000000002
RIP=0x000000010ec87710, EFLAGS=0x0000000000010206, ERR=0x0000000000000004
  TRAPNO=0x000000000000000e

Top of Stack: (sp=0x00007ffee1d6aa00)
0x00007ffee1d6aa00:   00007fffe3c48b34 00007ffee1d6aed0
0x00007ffee1d6aa10:   2b584b1f068a5ab0 0000000000000c00
0x00007ffee1d6aa20:   00007ffee1d6b150 0000000000000000
0x00007ffee1d6aa30:   00007ffee1d6aa40 00007fff7094d42d
0x00007ffee1d6aa40:   00007ffee1d6afe0 00007fffe3c39d6c
0x00007ffee1d6aa50:   000000005e29988f 00007fff3720d000
0x00007ffee1d6aa60:   0100001f00000085 00007fff91e38040
0x00007ffee1d6aa70:   0000000010004005 0000000007000806
0x00007ffee1d6aa80:   00007ffee1d6af88 0000000000000000
0x00007ffee1d6aa90:   00007ffee1d6b150 0000000007000806
0x00007ffee1d6aaa0:   00007ffee1d6afe0 00007ffee1d6af88
0x00007ffee1d6aab0:   0000000000001203 00000000ffffffff
0x00007ffee1d6aac0:   0000000000000c00 0000000000000206
0x00007ffee1d6aad0:   0000000007000806 0000000000000c00
0x00007ffee1d6aae0:   00007ffee1d6b150 0000000000000000
0x00007ffee1d6aaf0:   00007fff7089525a 0000000000000206
0x00007ffee1d6ab00:   0000000000000007 0000000000000000
0x00007ffee1d6ab10:   0000000000000000 0000000000000000
0x00007ffee1d6ab20:   000000000000037f 0000000000000000
0x00007ffee1d6ab30:   0000000000000000 0000ffff00001fa1
0x00007ffee1d6ab40:   0000000000000000 000000000000ffff
0x00007ffee1d6ab50:   0000000000000100 000000000000ffff
0x00007ffee1d6ab60:   0000000000000000 0000000000000000
0x00007ffee1d6ab70:   0000000000000000 0000000000000000
0x00007ffee1d6ab80:   87bc000000000000 000000000000c00b
0x00007ffee1d6ab90:   0000000000000000 0000000000000000
0x00007ffee1d6aba0:   bb78000000000000 000000000000400b
0x00007ffee1d6abb0:   0000000000000000 0000000000000000
0x00007ffee1d6abc0:   41c221c5963d65e4 0000000000000000
0x00007ffee1d6abd0:   3fdeb2f23033a472 0000000000000000
0x00007ffee1d6abe0:   4415af1d78b58c40 0000000000000000
0x00007ffee1d6abf0:   c3e0000000000000 0000000000000000 

Instructions: (pc=0x000000010ec87710)
0x000000010ec876f0:   83 ec 08 48 89 d3 49 89 f6 e8 84 33 14 00 44 8b
0x000000010ec87700:   38 48 8d 05 d8 ea 3a 00 48 63 38 e8 4e 36 14 00
0x000000010ec87710:   4c 8b a0 28 01 00 00 41 83 7c 24 34 01 0f 85 e2
0x000000010ec87720:   00 00 00 49 89 5c 24 40 4d 89 74 24 38 49 8d 5c 

Register to memory mapping:

RAX=0x0000000000000000 is an unknown value
RBX=0x00007ffee1d6aed0 is an unknown value
RCX=0x0000000117be9e6c is an unknown value
RDX=0x00007ffee1d6aed0 is an unknown value
RSP=0x00007ffee1d6aa00 is an unknown value
RBP=0x00007ffee1d6aa30 is an unknown value
RSI=0x00007ffee1d6ae68 is an unknown value
RDI=0x000000000000010c is an unknown value
R8 =0x00007ffee1d6aed0 is an unknown value
R9 =0x2b584b1f068a5ab0 is an unknown value
R10=0x0000000000000c00 is an unknown value
R11=0x0000000000000206 is an unknown value
R12=0x2b584b1f068a5ab0 is an unknown value
R13=0x0000000000000c00 is an unknown value
R14=0x00007ffee1d6ae68 is an unknown value
R15=0x0000000000000002 is an unknown value


Stack: [0x00007ffee1571000,0x00007ffee1d71000],  sp=0x00007ffee1d6aa00,  free space=8166k
Native frames: (J=compiled Java code, j=interpreted, Vv=VM code, C=native code)
V  [libjvm.dylib+0x487710]  SR_handler(int, __siginfo*, __darwin_ucontext*)+0x2e
C  [libsystem_platform.dylib+0x442d]  _sigtramp+0x1d
C  0x00007fffe3c39d6c
C  [CoreFoundation+0x84d0b]  __CFRunLoopServiceMachPort+0x142
C  [CoreFoundation+0x838e7]  __CFRunLoopRun+0x69f
C  [CoreFoundation+0x82bd3]  CFRunLoopRunSpecific+0x1f3
C  [java+0x6465]  CreateExecutionEnvironment+0x367
C  [java+0x218c]  JLI_Launch+0x7a0
C  [java+0x84c2]  main+0x65
C  [java+0x19e4]  start+0x34


---------------  P R O C E S S  ---------------

VM state:not at safepoint (normal execution)

VM Mutex/Monitor currently owned by a thread: None

Heap:
 PSYoungGen      total 76288K, used 11796K [0x000000076ab00000, 0x0000000770000000, 0x00000007c0000000)
  eden space 65536K, 18% used [0x000000076ab00000,0x000000076b685328,0x000000076eb00000)
  from space 10752K, 0% used [0x000000076f580000,0x000000076f580000,0x0000000770000000)
  to   space 10752K, 0% used [0x000000076eb00000,0x000000076eb00000,0x000000076f580000)
 ParOldGen       total 175104K, used 0K [0x00000006c0000000, 0x00000006cab00000, 0x000000076ab00000)
  object space 175104K, 0% used [0x00000006c0000000,0x00000006c0000000,0x00000006cab00000)
 Metaspace       used 5985K, capacity 6374K, committed 6656K, reserved 1056768K
  class space    used 701K, capacity 723K, committed 768K, reserved 1048576K

Card table byte_map: [0x000000010fb62000,0x0000000110363000] byte_map_base: 0x000000010c562000

Marking Bits: (ParMarkBitMap*) 0x000000010f0f0d30
 Begin Bits: [0x0000000126c24000, 0x000000012ac24000)
 End Bits:   [0x000000012ac24000, 0x000000012ec24000)

Polling page: 0x000000010df2f000

CodeCache: size=245760Kb used=2012Kb max_used=2024Kb free=243747Kb
 bounds [0x0000000117c24000, 0x0000000117e94000, 0x0000000126c24000]
 total_blobs=714 nmethods=439 adapters=189
 compilation: enabled

Compilation events (10 events):
Event: 0,516 Thread 0x00007f9aa9023000  435       3       java.net.URLClassLoader::defineClass (142 bytes)
Event: 0,520 Thread 0x00007f9aa9023000 nmethod 435 0x0000000117e16450 code [0x0000000117e167c0, 0x0000000117e18a98]
Event: 0,523 Thread 0x00007f9aa9808800  436       4       sun.misc.MetaIndex::mayContain (51 bytes)
Event: 0,534 Thread 0x00007f9aa982e800  437       4       java.lang.String::<init> (82 bytes)
Event: 0,537 Thread 0x00007f9aa9808800 nmethod 436 0x0000000117e1cc50 code [0x0000000117e1cdc0, 0x0000000117e1d158]
Event: 0,539 Thread 0x00007f9aa982e800 nmethod 437 0x0000000117e1d450 code [0x0000000117e1d5c0, 0x0000000117e1d8f8]
Event: 0,549 Thread 0x00007f9aa982e800  439       4       java.util.HashMap::get (23 bytes)
Event: 0,549 Thread 0x00007f9aa9808800  438       4       java.lang.AbstractStringBuilder::append (50 bytes)
Event: 0,555 Thread 0x00007f9aa982e800 nmethod 439 0x0000000117e1ae50 code [0x0000000117e1afe0, 0x0000000117e1b418]
Event: 0,556 Thread 0x00007f9aa9808800 nmethod 438 0x0000000117e1a510 code [0x0000000117e1a680, 0x0000000117e1aad8]

GC Heap History (0 events):
No events

Deoptimization events (0 events):
No events

Internal exceptions (6 events):
Event: 0,028 Thread 0x00007f9aa8005000 Exception <a 'java/lang/NoSuchMethodError': Method sun.misc.Unsafe.defineClass(Ljava/lang/String;[BII)Ljava/lang/Class; name or signature does not match> (0x000000076ab07ca8) thrown at [/Users/java_re/workspace/8-2-build-macosx-x86_64/jdk8u121/8372/hotspo
Event: 0,028 Thread 0x00007f9aa8005000 Exception <a 'java/lang/NoSuchMethodError': Method sun.misc.Unsafe.prefetchRead(Ljava/lang/Object;J)V name or signature does not match> (0x000000076ab07f90) thrown at [/Users/java_re/workspace/8-2-build-macosx-x86_64/jdk8u121/8372/hotspot/src/share/vm/pri
Event: 0,187 Thread 0x00007f9aa8005000 Exception <a 'java/lang/ArrayIndexOutOfBoundsException': 18> (0x000000076ae8f158) thrown at [/Users/java_re/workspace/8-2-build-macosx-x86_64/jdk8u121/8372/hotspot/src/share/vm/interpreter/interpreterRuntime.cpp, line 366]
Event: 0,187 Thread 0x00007f9aa8005000 Exception <a 'java/lang/ArrayIndexOutOfBoundsException': 55> (0x000000076ae8fec8) thrown at [/Users/java_re/workspace/8-2-build-macosx-x86_64/jdk8u121/8372/hotspot/src/share/vm/interpreter/interpreterRuntime.cpp, line 366]
Event: 0,188 Thread 0x00007f9aa8005000 Exception <a 'java/lang/ArrayIndexOutOfBoundsException': 40> (0x000000076ae90db0) thrown at [/Users/java_re/workspace/8-2-build-macosx-x86_64/jdk8u121/8372/hotspot/src/share/vm/interpreter/interpreterRuntime.cpp, line 366]
Event: 0,397 Thread 0x00007f9aa8005000 Exception <a 'java/lang/ArrayIndexOutOfBoundsException'> (0x000000076b2bc5e0) thrown at [/Users/java_re/workspace/8-2-build-macosx-x86_64/jdk8u121/8372/hotspot/src/share/vm/runtime/sharedRuntime.cpp, line 605]

Events (10 events):
Event: 0,555 loading class com/google/common/io/CharSource$CharSequenceCharSource
Event: 0,555 loading class com/google/common/io/CharSource$CharSequenceCharSource done
Event: 0,555 loading class com/google/common/io/CharSource$EmptyCharSource
Event: 0,555 loading class com/google/common/io/CharSource$EmptyCharSource done
Event: 0,556 loading class com/google/common/io/CharSource$AsByteSource
Event: 0,556 loading class com/google/common/io/CharSource$AsByteSource done
Event: 0,556 loading class java/io/UncheckedIOException
Event: 0,557 loading class java/io/UncheckedIOException done
Event: 0,557 loading class com/google/common/io/Closer
Event: 0,557 loading class com/google/common/io/Closer done


Dynamic libraries:
0x000000000d4ef000 	/System/Library/Frameworks/Cocoa.framework/Versions/A/Cocoa
0x000000000d4ef000 	/System/Library/Frameworks/Security.framework/Versions/A/Security
0x000000000d4ef000 	/System/Library/Frameworks/ApplicationServices.framework/Versions/A/ApplicationServices
0x000000000d4ef000 	/usr/lib/libz.1.dylib
0x000000000d4ef000 	/usr/lib/libSystem.B.dylib
0x000000000d4ef000 	/usr/lib/libobjc.A.dylib
0x000000000d4ef000 	/System/Library/Frameworks/CoreFoundation.framework/Versions/A/CoreFoundation
0x000000000d4ef000 	/System/Library/Frameworks/Foundation.framework/Versions/C/Foundation
0x000000000d4ef000 	/System/Library/Frameworks/AppKit.framework/Versions/C/AppKit
0x000000000d4ef000 	/System/Library/Frameworks/CoreData.framework/Versions/A/CoreData
0x000000000d4ef000 	/System/Library/PrivateFrameworks/UIFoundation.framework/Versions/A/UIFoundation
0x000000000d4ef000 	/System/Library/PrivateFrameworks/RemoteViewServices.framework/Versions/A/RemoteViewServices
0x000000000d4ef000 	/System/Library/PrivateFrameworks/XCTTargetBootstrap.framework/Versions/A/XCTTargetBootstrap
0x000000000d4ef000 	/System/Library/Frameworks/CoreDisplay.framework/Versions/A/CoreDisplay
0x000000000d4ef000 	/System/Library/Frameworks/Metal.framework/Versions/A/Metal
0x000000000d4ef000 	/System/Library/PrivateFrameworks/DesktopServicesPriv.framework/Versions/A/DesktopServicesPriv
0x000000000d4ef000 	/usr/lib/liblangid.dylib
0x000000000d4ef000 	/System/Library/PrivateFrameworks/CoreSVG.framework/Versions/A/CoreSVG
0x000000000d4ef000 	/System/Library/PrivateFrameworks/SkyLight.framework/Versions/A/SkyLight
0x000000000d4ef000 	/System/Library/Frameworks/CoreGraphics.framework/Versions/A/CoreGraphics
0x000000000d4ef000 	/System/Library/Frameworks/Accelerate.framework/Versions/A/Accelerate
0x000000000d4ef000 	/usr/lib/libxml2.2.dylib
0x000000000d4ef000 	/System/Library/PrivateFrameworks/IconServices.framework/Versions/A/IconServices
0x000000000d4ef000 	/System/Library/Frameworks/IOSurface.framework/Versions/A/IOSurface
0x000000000d4ef000 	/usr/lib/libDiagnosticMessagesClient.dylib
0x000000000d4ef000 	/System/Library/PrivateFrameworks/DFRFoundation.framework/Versions/A/DFRFoundation
0x000000000d4ef000 	/usr/lib/libicucore.A.dylib
0x000000000d4ef000 	/System/Library/Frameworks/AudioToolbox.framework/Versions/A/AudioToolbox
0x000000000d4ef000 	/System/Library/Frameworks/AudioUnit.framework/Versions/A/AudioUnit
0x000000000d4ef000 	/usr/lib/libauto.dylib
0x000000000d4ef000 	/System/Library/PrivateFrameworks/DataDetectorsCore.framework/Versions/A/DataDetectorsCore
0x000000000d4ef000 	/System/Library/Frameworks/Carbon.framework/Versions/A/Frameworks/HIToolbox.framework/Versions/A/HIToolbox
0x000000000d4ef000 	/System/Library/Frameworks/QuartzCore.framework/Versions/A/QuartzCore
0x000000000d4ef000 	/System/Library/Frameworks/Carbon.framework/Versions/A/Frameworks/SpeechRecognition.framework/Versions/A/SpeechRecognition
0x000000000d4ef000 	/System/Library/PrivateFrameworks/CoreUI.framework/Versions/A/CoreUI
0x000000000d4ef000 	/System/Library/Frameworks/CoreAudio.framework/Versions/A/CoreAudio
0x000000000d4ef000 	/System/Library/Frameworks/DiskArbitration.framework/Versions/A/DiskArbitration
0x000000000d4ef000 	/System/Library/PrivateFrameworks/MultitouchSupport.framework/Versions/A/MultitouchSupport
0x000000000d4ef000 	/usr/lib/libenergytrace.dylib
0x000000000d4ef000 	/System/Library/Frameworks/IOKit.framework/Versions/A/IOKit
0x000000000d4ef000 	/System/Library/Frameworks/CoreServices.framework/Versions/A/CoreServices
0x000000000d4ef000 	/System/Library/PrivateFrameworks/PerformanceAnalysis.framework/Versions/A/PerformanceAnalysis
0x000000000d4ef000 	/System/Library/Frameworks/OpenGL.framework/Versions/A/OpenGL
0x000000000d4ef000 	/System/Library/Frameworks/ColorSync.framework/Versions/A/ColorSync
0x000000000d4ef000 	/System/Library/Frameworks/CoreImage.framework/Versions/A/CoreImage
0x000000000d4ef000 	/System/Library/Frameworks/CoreText.framework/Versions/A/CoreText
0x000000000d4ef000 	/System/Library/Frameworks/ImageIO.framework/Versions/A/ImageIO
0x000000000d4ef000 	/usr/lib/libc++.1.dylib
0x000000000d4ef000 	/usr/lib/libcompression.dylib
0x000000000d4ef000 	/usr/lib/libMobileGestalt.dylib
0x000000000d4ef000 	/System/Library/PrivateFrameworks/TextureIO.framework/Versions/A/TextureIO
0x000000000d4ef000 	/usr/lib/libate.dylib
0x000000000d4ef000 	/System/Library/PrivateFrameworks/InternationalSupport.framework/Versions/A/InternationalSupport
0x000000000d4ef000 	/usr/lib/system/libcache.dylib
0x000000000d4ef000 	/usr/lib/system/libcommonCrypto.dylib
0x000000000d4ef000 	/usr/lib/system/libcompiler_rt.dylib
0x000000000d4ef000 	/usr/lib/system/libcopyfile.dylib
0x000000000d4ef000 	/usr/lib/system/libcorecrypto.dylib
0x000000000d4ef000 	/usr/lib/system/libdispatch.dylib
0x000000000d4ef000 	/usr/lib/system/libdyld.dylib
0x000000000d4ef000 	/usr/lib/system/libkeymgr.dylib
0x000000000d4ef000 	/usr/lib/system/liblaunch.dylib
0x000000000d4ef000 	/usr/lib/system/libmacho.dylib
0x000000000d4ef000 	/usr/lib/system/libquarantine.dylib
0x000000000d4ef000 	/usr/lib/system/libremovefile.dylib
0x000000000d4ef000 	/usr/lib/system/libsystem_asl.dylib
0x000000000d4ef000 	/usr/lib/system/libsystem_blocks.dylib
0x000000000d4ef000 	/usr/lib/system/libsystem_c.dylib
0x000000000d4ef000 	/usr/lib/system/libsystem_configuration.dylib
0x000000000d4ef000 	/usr/lib/system/libsystem_coreservices.dylib
0x000000000d4ef000 	/usr/lib/system/libsystem_darwin.dylib
0x000000000d4ef000 	/usr/lib/system/libsystem_dnssd.dylib
0x000000000d4ef000 	/usr/lib/system/libsystem_featureflags.dylib
0x000000000d4ef000 	/usr/lib/system/libsystem_info.dylib
0x000000000d4ef000 	/usr/lib/system/libsystem_m.dylib
0x000000000d4ef000 	/usr/lib/system/libsystem_malloc.dylib
0x000000000d4ef000 	/usr/lib/system/libsystem_networkextension.dylib
0x000000000d4ef000 	/usr/lib/system/libsystem_notify.dylib
0x000000000d4ef000 	/usr/lib/system/libsystem_sandbox.dylib
0x000000000d4ef000 	/usr/lib/system/libsystem_secinit.dylib
0x000000000d4ef000 	/usr/lib/system/libsystem_kernel.dylib
0x000000000d4ef000 	/usr/lib/system/libsystem_platform.dylib
0x000000000d4ef000 	/usr/lib/system/libsystem_pthread.dylib
0x000000000d4ef000 	/usr/lib/system/libsystem_symptoms.dylib
0x000000000d4ef000 	/usr/lib/system/libsystem_trace.dylib
0x000000000d4ef000 	/usr/lib/system/libunwind.dylib
0x000000000d4ef000 	/usr/lib/system/libxpc.dylib
0x000000000d4ef000 	/usr/lib/libc++abi.dylib
0x000000000d4ef000 	/usr/lib/liblzma.5.dylib
0x000000000d4ef000 	/usr/lib/libfakelink.dylib
0x000000000d4ef000 	/usr/lib/libarchive.2.dylib
0x000000000d4ef000 	/System/Library/Frameworks/SystemConfiguration.framework/Versions/A/SystemConfiguration
0x000000000d4ef000 	/usr/lib/libCRFSuite.dylib
0x000000000d4ef000 	/System/Library/Frameworks/CFNetwork.framework/Versions/A/CFNetwork
0x000000000d4ef000 	/usr/lib/libbsm.0.dylib
0x000000000d4ef000 	/usr/lib/system/libkxld.dylib
0x000000000d4ef000 	/System/Library/PrivateFrameworks/AppleFSCompression.framework/Versions/A/AppleFSCompression
0x000000000d4ef000 	/usr/lib/libcoretls.dylib
0x000000000d4ef000 	/usr/lib/libcoretls_cfhelpers.dylib
0x000000000d4ef000 	/usr/lib/libpam.2.dylib
0x000000000d4ef000 	/usr/lib/libsqlite3.dylib
0x000000000d4ef000 	/usr/lib/libxar.1.dylib
0x000000000d4ef000 	/usr/lib/libbz2.1.0.dylib
0x000000000d4ef000 	/usr/lib/libiconv.2.dylib
0x000000000d4ef000 	/usr/lib/libcharset.1.dylib
0x000000000d4ef000 	/usr/lib/libnetwork.dylib
0x000000000d4ef000 	/usr/lib/libpcap.A.dylib
0x000000000d4ef000 	/usr/lib/libapple_nghttp2.dylib
0x000000000d4ef000 	/System/Library/Frameworks/CoreServices.framework/Versions/A/Frameworks/FSEvents.framework/Versions/A/FSEvents
0x000000000d4ef000 	/System/Library/Frameworks/CoreServices.framework/Versions/A/Frameworks/CarbonCore.framework/Versions/A/CarbonCore
0x000000000d4ef000 	/System/Library/Frameworks/CoreServices.framework/Versions/A/Frameworks/Metadata.framework/Versions/A/Metadata
0x000000000d4ef000 	/System/Library/Frameworks/CoreServices.framework/Versions/A/Frameworks/OSServices.framework/Versions/A/OSServices
0x000000000d4ef000 	/System/Library/Frameworks/CoreServices.framework/Versions/A/Frameworks/SearchKit.framework/Versions/A/SearchKit
0x000000000d4ef000 	/System/Library/Frameworks/CoreServices.framework/Versions/A/Frameworks/AE.framework/Versions/A/AE
0x000000000d4ef000 	/System/Library/Frameworks/CoreServices.framework/Versions/A/Frameworks/LaunchServices.framework/Versions/A/LaunchServices
0x000000000d4ef000 	/System/Library/Frameworks/CoreServices.framework/Versions/A/Frameworks/DictionaryServices.framework/Versions/A/DictionaryServices
0x000000000d4ef000 	/System/Library/Frameworks/CoreServices.framework/Versions/A/Frameworks/SharedFileList.framework/Versions/A/SharedFileList
0x000000000d4ef000 	/System/Library/Frameworks/NetFS.framework/Versions/A/NetFS
0x000000000d4ef000 	/System/Library/PrivateFrameworks/NetAuth.framework/Versions/A/NetAuth
0x000000000d4ef000 	/System/Library/PrivateFrameworks/login.framework/Versions/A/Frameworks/loginsupport.framework/Versions/A/loginsupport
0x000000000d4ef000 	/System/Library/PrivateFrameworks/TCC.framework/Versions/A/TCC
0x000000000d4ef000 	/System/Library/PrivateFrameworks/CoreNLP.framework/Versions/A/CoreNLP
0x000000000d4ef000 	/System/Library/PrivateFrameworks/MetadataUtilities.framework/Versions/A/MetadataUtilities
0x000000000d4ef000 	/usr/lib/libmecabra.dylib
0x000000000d4ef000 	/usr/lib/libmecab.dylib
0x000000000d4ef000 	/usr/lib/libgermantok.dylib
0x000000000d4ef000 	/usr/lib/libThaiTokenizer.dylib
0x000000000d4ef000 	/usr/lib/libChineseTokenizer.dylib
0x000000000d4ef000 	/System/Library/Frameworks/Accelerate.framework/Versions/A/Frameworks/vImage.framework/Versions/A/vImage
0x000000000d4ef000 	/System/Library/Frameworks/Accelerate.framework/Versions/A/Frameworks/vecLib.framework/Versions/A/vecLib
0x000000000d4ef000 	/System/Library/Frameworks/Accelerate.framework/Versions/A/Frameworks/vecLib.framework/Versions/A/libvMisc.dylib
0x000000000d4ef000 	/System/Library/Frameworks/Accelerate.framework/Versions/A/Frameworks/vecLib.framework/Versions/A/libvDSP.dylib
0x000000000d4ef000 	/System/Library/Frameworks/Accelerate.framework/Versions/A/Frameworks/vecLib.framework/Versions/A/libBLAS.dylib
0x000000000d4ef000 	/System/Library/Frameworks/Accelerate.framework/Versions/A/Frameworks/vecLib.framework/Versions/A/libLAPACK.dylib
0x000000000d4ef000 	/System/Library/Frameworks/Accelerate.framework/Versions/A/Frameworks/vecLib.framework/Versions/A/libLinearAlgebra.dylib
0x000000000d4ef000 	/System/Library/Frameworks/Accelerate.framework/Versions/A/Frameworks/vecLib.framework/Versions/A/libSparseBLAS.dylib
0x000000000d4ef000 	/System/Library/Frameworks/Accelerate.framework/Versions/A/Frameworks/vecLib.framework/Versions/A/libQuadrature.dylib
0x000000000d4ef000 	/System/Library/Frameworks/Accelerate.framework/Versions/A/Frameworks/vecLib.framework/Versions/A/libBNNS.dylib
0x000000000d4ef000 	/System/Library/Frameworks/Accelerate.framework/Versions/A/Frameworks/vecLib.framework/Versions/A/libSparse.dylib
0x000000000d4ef000 	/System/Library/PrivateFrameworks/LanguageModeling.framework/Versions/A/LanguageModeling
0x000000000d4ef000 	/System/Library/PrivateFrameworks/CoreEmoji.framework/Versions/A/CoreEmoji
0x000000000d4ef000 	/System/Library/PrivateFrameworks/LinguisticData.framework/Versions/A/LinguisticData
0x000000000d4ef000 	/System/Library/PrivateFrameworks/Lexicon.framework/Versions/A/Lexicon
0x000000000d4ef000 	/usr/lib/libcmph.dylib
0x000000000d4ef000 	/System/Library/Frameworks/OpenDirectory.framework/Versions/A/Frameworks/CFOpenDirectory.framework/Versions/A/CFOpenDirectory
0x000000000d4ef000 	/System/Library/Frameworks/OpenDirectory.framework/Versions/A/OpenDirectory
0x000000000d4ef000 	/System/Library/PrivateFrameworks/APFS.framework/Versions/A/APFS
0x000000000d4ef000 	/System/Library/Frameworks/SecurityFoundation.framework/Versions/A/SecurityFoundation
0x000000000d4ef000 	/usr/lib/libutil.dylib
0x000000000d4ef000 	/System/Library/PrivateFrameworks/CoreServicesStore.framework/Versions/A/CoreServicesStore
0x000000000d4ef000 	/System/Library/Frameworks/ServiceManagement.framework/Versions/A/ServiceManagement
0x000000000d4ef000 	/System/Library/PrivateFrameworks/BackgroundTaskManagement.framework/Versions/A/BackgroundTaskManagement
0x000000000d4ef000 	/usr/lib/libxslt.1.dylib
0x000000000d4ef000 	/System/Library/PrivateFrameworks/AppleSystemInfo.framework/Versions/A/AppleSystemInfo
0x000000000d4ef000 	/System/Library/Frameworks/ImageIO.framework/Versions/A/Resources/libJPEG.dylib
0x000000000d4ef000 	/System/Library/Frameworks/ImageIO.framework/Versions/A/Resources/libTIFF.dylib
0x000000000d4ef000 	/System/Library/Frameworks/ImageIO.framework/Versions/A/Resources/libPng.dylib
0x000000000d4ef000 	/System/Library/Frameworks/ImageIO.framework/Versions/A/Resources/libGIF.dylib
0x000000000d4ef000 	/System/Library/Frameworks/ImageIO.framework/Versions/A/Resources/libJP2.dylib
0x000000000d4ef000 	/System/Library/Frameworks/ImageIO.framework/Versions/A/Resources/libRadiance.dylib
0x000000000d4ef000 	/usr/lib/libexpat.1.dylib
0x000000000d4ef000 	/System/Library/PrivateFrameworks/AppleJPEG.framework/Versions/A/AppleJPEG
0x000000000d4ef000 	/System/Library/PrivateFrameworks/FontServices.framework/libFontParser.dylib
0x000000000d4ef000 	/System/Library/PrivateFrameworks/WatchdogClient.framework/Versions/A/WatchdogClient
0x000000000d4ef000 	/System/Library/PrivateFrameworks/IOAccelerator.framework/Versions/A/IOAccelerator
0x000000000d4ef000 	/System/Library/Frameworks/MetalPerformanceShaders.framework/Versions/A/MetalPerformanceShaders
0x000000000d4ef000 	/System/Library/PrivateFrameworks/GPUWrangler.framework/Versions/A/GPUWrangler
0x000000000d4ef000 	/System/Library/PrivateFrameworks/IOPresentment.framework/Versions/A/IOPresentment
0x000000000d4ef000 	/System/Library/PrivateFrameworks/DSExternalDisplay.framework/Versions/A/DSExternalDisplay
0x000000000d4ef000 	/System/Library/Frameworks/OpenGL.framework/Versions/A/Libraries/libCoreFSCache.dylib
0x000000000d4ef000 	/System/Library/Frameworks/MetalPerformanceShaders.framework/Frameworks/MPSCore.framework/Versions/A/MPSCore
0x000000000d4ef000 	/System/Library/Frameworks/MetalPerformanceShaders.framework/Frameworks/MPSImage.framework/Versions/A/MPSImage
0x000000000d4ef000 	/System/Library/Frameworks/MetalPerformanceShaders.framework/Frameworks/MPSNeuralNetwork.framework/Versions/A/MPSNeuralNetwork
0x000000000d4ef000 	/System/Library/Frameworks/MetalPerformanceShaders.framework/Frameworks/MPSMatrix.framework/Versions/A/MPSMatrix
0x000000000d4ef000 	/System/Library/Frameworks/MetalPerformanceShaders.framework/Frameworks/MPSRayIntersector.framework/Versions/A/MPSRayIntersector
0x000000000d4ef000 	/System/Library/Frameworks/MetalPerformanceShaders.framework/Frameworks/MPSNDArray.framework/Versions/A/MPSNDArray
0x000000000d4ef000 	/System/Library/PrivateFrameworks/MetalTools.framework/Versions/A/MetalTools
0x000000000d4ef000 	/System/Library/PrivateFrameworks/AggregateDictionary.framework/Versions/A/AggregateDictionary
0x000000000d4ef000 	/System/Library/PrivateFrameworks/CoreAnalytics.framework/Versions/A/CoreAnalytics
0x000000000d4ef000 	/System/Library/PrivateFrameworks/AppleSauce.framework/Versions/A/AppleSauce
0x000000000d4ef000 	/usr/lib/libIOReport.dylib
0x000000000d4ef000 	/System/Library/Frameworks/CoreVideo.framework/Versions/A/CoreVideo
0x000000000d4ef000 	/System/Library/PrivateFrameworks/GraphVisualizer.framework/Versions/A/GraphVisualizer
0x000000000d4ef000 	/System/Library/PrivateFrameworks/FaceCore.framework/Versions/A/FaceCore
0x000000000d4ef000 	/System/Library/Frameworks/OpenCL.framework/Versions/A/OpenCL
0x000000000d4ef000 	/usr/lib/libFosl_dynamic.dylib
0x000000000d4ef000 	/System/Library/PrivateFrameworks/OTSVG.framework/Versions/A/OTSVG
0x000000000d4ef000 	/System/Library/Frameworks/ApplicationServices.framework/Versions/A/Frameworks/ATS.framework/Versions/A/Resources/libFontRegistry.dylib
0x000000000d4ef000 	/System/Library/PrivateFrameworks/FontServices.framework/libhvf.dylib
0x000000000d4ef000 	/System/Library/Frameworks/OpenGL.framework/Versions/A/Libraries/libGFXShared.dylib
0x000000000d4ef000 	/System/Library/Frameworks/OpenGL.framework/Versions/A/Libraries/libGLU.dylib
0x000000000d4ef000 	/System/Library/Frameworks/OpenGL.framework/Versions/A/Libraries/libGL.dylib
0x000000000d4ef000 	/System/Library/Frameworks/OpenGL.framework/Versions/A/Libraries/libGLImage.dylib
0x000000000d4ef000 	/System/Library/Frameworks/OpenGL.framework/Versions/A/Libraries/libCVMSPluginSupport.dylib
0x000000000d4ef000 	/System/Library/Frameworks/OpenGL.framework/Versions/A/Libraries/libCoreVMClient.dylib
0x000000000d4ef000 	/usr/lib/libncurses.5.4.dylib
0x000000000d4ef000 	/System/Library/Frameworks/ApplicationServices.framework/Versions/A/Frameworks/ATS.framework/Versions/A/ATS
0x000000000d4ef000 	/System/Library/Frameworks/ApplicationServices.framework/Versions/A/Frameworks/ColorSyncLegacy.framework/Versions/A/ColorSyncLegacy
0x000000000d4ef000 	/System/Library/Frameworks/ApplicationServices.framework/Versions/A/Frameworks/HIServices.framework/Versions/A/HIServices
0x000000000d4ef000 	/System/Library/Frameworks/ApplicationServices.framework/Versions/A/Frameworks/LangAnalysis.framework/Versions/A/LangAnalysis
0x000000000d4ef000 	/System/Library/Frameworks/ApplicationServices.framework/Versions/A/Frameworks/PrintCore.framework/Versions/A/PrintCore
0x000000000d4ef000 	/System/Library/Frameworks/ApplicationServices.framework/Versions/A/Frameworks/QD.framework/Versions/A/QD
0x000000000d4ef000 	/System/Library/Frameworks/ApplicationServices.framework/Versions/A/Frameworks/SpeechSynthesis.framework/Versions/A/SpeechSynthesis
0x000000000d4ef000 	/System/Library/Frameworks/ApplicationServices.framework/Versions/A/Frameworks/ATSUI.framework/Versions/A/ATSUI
0x000000000d4ef000 	/usr/lib/libcups.2.dylib
0x000000000d4ef000 	/System/Library/Frameworks/Kerberos.framework/Versions/A/Kerberos
0x000000000d4ef000 	/System/Library/Frameworks/GSS.framework/Versions/A/GSS
0x000000000d4ef000 	/usr/lib/libresolv.9.dylib
0x000000000d4ef000 	/System/Library/PrivateFrameworks/Heimdal.framework/Versions/A/Heimdal
0x000000000d4ef000 	/System/Library/Frameworks/Kerberos.framework/Versions/A/Libraries/libHeimdalProxy.dylib
0x000000000d4ef000 	/usr/lib/libheimdal-asn1.dylib
0x000000000d4ef000 	/System/Library/PrivateFrameworks/CommonAuth.framework/Versions/A/CommonAuth
0x000000000d4ef000 	/System/Library/PrivateFrameworks/AssertionServices.framework/Versions/A/AssertionServices
0x000000000d4ef000 	/System/Library/PrivateFrameworks/AudioToolboxCore.framework/Versions/A/AudioToolboxCore
0x000000000d4ef000 	/System/Library/PrivateFrameworks/caulk.framework/Versions/A/caulk
0x000000000d4ef000 	/System/Library/PrivateFrameworks/BaseBoard.framework/Versions/A/BaseBoard
0x000000000d4ef000 	/System/Library/PrivateFrameworks/RunningBoardServices.framework/Versions/A/RunningBoardServices
0x000000000d4ef000 	/System/Library/PrivateFrameworks/PersistentConnection.framework/Versions/A/PersistentConnection
0x000000000d4ef000 	/System/Library/PrivateFrameworks/ProtocolBuffer.framework/Versions/A/ProtocolBuffer
0x000000000d4ef000 	/System/Library/PrivateFrameworks/CommonUtilities.framework/Versions/A/CommonUtilities
0x000000000d4ef000 	/System/Library/PrivateFrameworks/Bom.framework/Versions/A/Bom
0x000000000d4ef000 	/usr/lib/libAudioToolboxUtility.dylib
0x000000000d4ef000 	/System/Library/PrivateFrameworks/Backup.framework/Versions/A/Backup
0x000000000d4ef000 	/System/Library/PrivateFrameworks/CrashReporterSupport.framework/Versions/A/CrashReporterSupport
0x000000000d4ef000 	/System/Library/PrivateFrameworks/Sharing.framework/Versions/A/Sharing
0x000000000d4ef000 	/System/Library/PrivateFrameworks/Apple80211.framework/Versions/A/Apple80211
0x000000000d4ef000 	/System/Library/PrivateFrameworks/AuthKit.framework/Versions/A/AuthKit
0x000000000d4ef000 	/System/Library/PrivateFrameworks/CoreUtils.framework/Versions/A/CoreUtils
0x000000000d4ef000 	/System/Library/Frameworks/CoreWLAN.framework/Versions/A/CoreWLAN
0x000000000d4ef000 	/System/Library/Frameworks/IOBluetooth.framework/Versions/A/IOBluetooth
0x000000000d4ef000 	/System/Library/PrivateFrameworks/MobileKeyBag.framework/Versions/A/MobileKeyBag
0x000000000d4ef000 	/System/Library/PrivateFrameworks/CorePhoneNumbers.framework/Versions/A/CorePhoneNumbers
0x000000000d4ef000 	/System/Library/PrivateFrameworks/AppleIDAuthSupport.framework/Versions/A/AppleIDAuthSupport
0x000000000d4ef000 	/System/Library/Frameworks/Network.framework/Versions/A/Network
0x000000000d4ef000 	/System/Library/PrivateFrameworks/KeychainCircle.framework/Versions/A/KeychainCircle
0x000000000d4ef000 	/System/Library/Frameworks/CoreBluetooth.framework/Versions/A/CoreBluetooth
0x000000000d4ef000 	/System/Library/PrivateFrameworks/SpeechRecognitionCore.framework/Versions/A/SpeechRecognitionCore
0x000000000d4ef000 	/System/Library/CoreServices/Encodings/libCyrillicConverter.dylib
0x000000010e800000 	/Library/Java/JavaVirtualMachines/jdk1.8.0_121.jdk/Contents/Home/jre/lib/server/libjvm.dylib
0x000000000d4ef000 	/usr/lib/libstdc++.6.dylib
0x000000010deec000 	/Library/Java/JavaVirtualMachines/jdk1.8.0_121.jdk/Contents/Home/jre/lib/libverify.dylib
0x000000010defa000 	/Library/Java/JavaVirtualMachines/jdk1.8.0_121.jdk/Contents/Home/jre/lib/libjava.dylib
0x000000010df79000 	/Library/Java/JavaVirtualMachines/jdk1.8.0_121.jdk/Contents/Home/jre/lib/libzip.dylib
0x000000000d4ef000 	/System/Library/Frameworks/JavaVM.framework/Versions/A/Frameworks/JavaRuntimeSupport.framework/Versions/A/JavaRuntimeSupport
0x000000000d4ef000 	/System/Library/Frameworks/JavaVM.framework/Versions/A/Frameworks/JavaNativeFoundation.framework/Versions/A/JavaNativeFoundation
0x000000000d4ef000 	/System/Library/Frameworks/JavaVM.framework/Versions/A/JavaVM
0x000000000d4ef000 	/System/Library/Frameworks/Carbon.framework/Versions/A/Carbon
0x000000000d4ef000 	/System/Library/PrivateFrameworks/CoreSymbolication.framework/Versions/A/CoreSymbolication
0x000000000d4ef000 	/System/Library/PrivateFrameworks/JavaLaunching.framework/Versions/A/JavaLaunching
0x000000000d4ef000 	/System/Library/Frameworks/Carbon.framework/Versions/A/Frameworks/CommonPanels.framework/Versions/A/CommonPanels
0x000000000d4ef000 	/System/Library/Frameworks/Carbon.framework/Versions/A/Frameworks/Help.framework/Versions/A/Help
0x000000000d4ef000 	/System/Library/Frameworks/Carbon.framework/Versions/A/Frameworks/ImageCapture.framework/Versions/A/ImageCapture
0x000000000d4ef000 	/System/Library/Frameworks/Carbon.framework/Versions/A/Frameworks/OpenScripting.framework/Versions/A/OpenScripting
0x000000000d4ef000 	/System/Library/Frameworks/Carbon.framework/Versions/A/Frameworks/Ink.framework/Versions/A/Ink
0x000000000d4ef000 	/System/Library/Frameworks/Carbon.framework/Versions/A/Frameworks/Print.framework/Versions/A/Print
0x000000000d4ef000 	/System/Library/Frameworks/Carbon.framework/Versions/A/Frameworks/SecurityHI.framework/Versions/A/SecurityHI
0x000000000d4ef000 	/System/Library/PrivateFrameworks/DebugSymbols.framework/Versions/A/DebugSymbols
0x00000001147b8000 	/Library/Java/JavaVirtualMachines/jdk1.8.0_121.jdk/Contents/Home/jre/lib/libnio.dylib
0x00000001147c8000 	/Library/Java/JavaVirtualMachines/jdk1.8.0_121.jdk/Contents/Home/jre/lib/libnet.dylib

VM Arguments:
java_command: /Users/alex-gusev/work/yandex-pcode/shaka-player/third_party/closure/compiler.jar --js_output_file /Users/alex-gusev/work/yandex-pcode/shaka-player/dist/shaka-player.compiled.js --create_source_map /Users/alex-gusev/work/yandex-pcode/shaka-player/dist/shaka-player.compiled.map --source_map_location_mapping /Users/alex-gusev/work/yandex-pcode/shaka-player/|../ --output_wrapper_file=/Users/alex-gusev/work/yandex-pcode/shaka-player/dist/wrapper.js --language_out ECMASCRIPT3 --jscomp_error=* --jscomp_off=jsdocMissingConst --extra_annotation_name=listens --extra_annotation_name=exportDoc --extra_annotation_name=exportInterface --conformance_configs /Users/alex-gusev/work/yandex-pcode/shaka-player/build/conformance.textproto --generate_exports -D COMPILED=true -D goog.STRICT_MODE_COMPATIBLE=true -D goog.ENABLE_DEBUG_LOADER=false -O ADVANCED -D goog.DEBUG=false -D goog.asserts.ENABLE_ASSERTS=false -D shaka.log.MAX_LOG_LEVEL=0 -D shaka.Player.version="v2.5.5-10-g34b40f9b-dirty" /Users/alex-gusev/work/yandex-pcode/shaka-player/externs/audiotrack.js /Users/alex-gusev/work/yandex-pcode/shaka-player/externs/awesomplete.js /Users/alex-gusev/work/yandex-pcode/shaka-player/externs/cache.js /Users/alex-gusev/work/yandex-pcode/shaka-player/externs/chromecast.js /Users/alex-gusev/work/yandex-pcode/shaka-player/externs/dialog_polyfill.js /Users/alex-gusev/work/yandex-pcode/shaka-player/externs/fetch.js /Users/alex-gusev/work/yandex-pcode/shaka-player/externs/fullscreen.js /Users/alex-gusev/work/yandex-pcode/shaka-player/externs/jwk_set.js /Users/alex-gusev/work/yandex-pcode/shaka-player/externs/less.js /Users/alex-gusev/work/yandex-pcode/shaka-player/externs/mdl.js /Users/alex-gusev/work/yandex-pcode/shaka-player/externs/mediaerror.js /Users/alex-gusev/work/yandex-pcode/shaka-player/externs/mediasession.js /Users/alex-gusev/work/yandex-pcode/shaka-player/externs/msmediakeys.js /Users/alex-gusev/work/yandex-pcode/shaka-player/externs/mux.js /Users/alex-gusev/work/yandex
java_class_path (initial): /Users/alex-gusev/work/yandex-pcode/shaka-player/third_party/closure/compiler.jar
Launcher Type: SUN_STANDARD

Environment Variables:
PATH=/opt/local/bin:/opt/local/sbin:/Users/alex-gusev/.rbenv/shims:/usr/local/bin:/usr/bin:/bin:/usr/sbin:/sbin:/usr/local/go/bin:/Library/Frameworks/Mono.framework/Versions/Current/Commands:/usr/local/munki:/Library/TeX/texbin:.:/Users/alex-gusev/node_modules/.bin:/Users/alex-gusev/bin:/Users/alex-gusev/work/yandex-pcode/shaka-player/node_modules/.bin
SHELL=/usr/local/bin/fish

Signal Handlers:
SIGSEGV: [libjvm.dylib+0x5b1141], sa_mask[0]=11111111011111110111111111111111, sa_flags=SA_ONSTACK|SA_RESTART|SA_SIGINFO
SIGBUS: [libjvm.dylib+0x5b1141], sa_mask[0]=11111111011111110111111111111111, sa_flags=SA_RESTART|SA_SIGINFO
SIGFPE: [libjvm.dylib+0x487bc4], sa_mask[0]=11111111011111110111111111111111, sa_flags=SA_RESTART|SA_SIGINFO
SIGPIPE: [libjvm.dylib+0x487bc4], sa_mask[0]=11111111011111110111111111111111, sa_flags=SA_RESTART|SA_SIGINFO
SIGXFSZ: [libjvm.dylib+0x487bc4], sa_mask[0]=11111111011111110111111111111111, sa_flags=SA_RESTART|SA_SIGINFO
SIGILL: [libjvm.dylib+0x487bc4], sa_mask[0]=11111111011111110111111111111111, sa_flags=SA_RESTART|SA_SIGINFO
SIGUSR1: SIG_DFL, sa_mask[0]=00000000000000000000000000000000, sa_flags=SA_RESTART
SIGUSR2: [libjvm.dylib+0x4876e2], sa_mask[0]=00000000000000000000000000000000, sa_flags=SA_RESTART|SA_SIGINFO
SIGHUP: [libjvm.dylib+0x485cb9], sa_mask[0]=11111111011111110111111111111111, sa_flags=SA_RESTART|SA_SIGINFO
SIGINT: [libjvm.dylib+0x485cb9], sa_mask[0]=11111111011111110111111111111111, sa_flags=SA_RESTART|SA_SIGINFO
SIGTERM: [libjvm.dylib+0x485cb9], sa_mask[0]=11111111011111110111111111111111, sa_flags=SA_RESTART|SA_SIGINFO
SIGQUIT: [libjvm.dylib+0x485cb9], sa_mask[0]=11111111011111110111111111111111, sa_flags=SA_RESTART|SA_SIGINFO


---------------  S Y S T E M  ---------------

OS:Bsduname:Darwin 19.3.0 Darwin Kernel Version 19.3.0: Thu Jan  9 20:58:23 PST 2020; root:xnu-6153.81.5~1/RELEASE_X86_64 x86_64
rlimit: STACK 8192k, CORE 0k, NPROC 2784, NOFILE 10240, AS infinity
load average:8,40 5,36 4,81

CPU:total 4 (2 cores per cpu, 2 threads per core) family 6 model 61 stepping 4, cmov, cx8, fxsr, mmx, sse, sse2, sse3, ssse3, sse4.1, sse4.2, popcnt, avx, avx2, aes, clmul, erms, 3dnowpref, lzcnt, ht, tsc, tscinvbit, bmi1, bmi2, adx

Memory: 4k page, physical 16777216k(1759344k free)

/proc/meminfo:


vm_info: Java HotSpot(TM) 64-Bit Server VM (25.121-b13) for bsd-amd64 JRE (1.8.0_121-b13), built on Dec 12 2016 20:39:32 by "java_re" with gcc 4.2.1 (Based on Apple Inc. build 5658) (LLVM build 2336.11.00)

time: Sun Apr 12 20:45:17 2020
elapsed time: 0 seconds (0d 0h 0m 0s)

